2016-03-22 06:43:23,396 INFO  [default] Model Transform: mat4x4((2.000000, 0.000000, 0.000000, 0.000000), (0.000000, 2.000000, 0.000000, 0.000000), (0.000000, 0.000000, 2.000000, 0.000000), (0.000000, 0.000000, -7.000000, 1.000000))
2016-03-22 06:43:23,396 INFO  [default] View Transform: mat4x4((1.000000, 0.000000, 0.000000, -0.000000), (0.000000, 1.000000, 0.000000, -0.000000), (0.000000, 0.000000, 1.000000, -0.000000), (0.000000, 0.000000, 0.000000, 1.000000))
2016-03-22 06:43:23,396 INFO  [default] Projection Transform: mat4x4((0.222222, 0.000000, -0.000000, 0.000000), (0.000000, 0.222222, 0.000000, -0.000000), (0.000000, 0.000000, -1.000200, -0.200020), (0.000000, 0.000000, 1.000000, 0.000000))
2016-03-22 06:43:23,396 INFO  [default] Viewport Transform: mat4x4((256.000000, 0.000000, 0.000000, 255.500000), (0.000000, 256.000000, 0.000000, 255.500000), (0.000000, 0.000000, 1.000000, 0.000000), (0.000000, 0.000000, 0.000000, 1.000000))
2016-03-22 06:43:23,396 INFO  [default] MVP: mat4x4((113.777786, 0.000000, 0.000000, 113.555565), (0.000000, 113.777786, 0.000000, 113.555565), (0.000000, 0.000000, -2.000400, -0.400040), (0.000000, 0.000000, 8.001400, 1.400140))
2016-03-22 06:43:23,397 INFO  [default] Buffer size is: 262144
2016-03-22 06:43:23,464 INFO  [default] Outputting to ppm file: init.ppm
2016-03-22 06:43:23,550 INFO  [default] Finished outputting to init.ppm, closing file.
2016-03-22 06:43:23,550 INFO  [default] Outputting to ppm file: flatshading.ppm
2016-03-22 06:43:23,605 INFO  [default] Finished outputting to flatshading.ppm, closing file.
2016-03-22 06:45:32,540 INFO  [default] Model Transform: mat4x4((2.000000, 0.000000, 0.000000, 0.000000), (0.000000, 2.000000, 0.000000, 0.000000), (0.000000, 0.000000, 2.000000, 0.000000), (0.000000, 0.000000, -7.000000, 1.000000))
2016-03-22 06:45:32,541 INFO  [default] View Transform: mat4x4((1.000000, 0.000000, 0.000000, -0.000000), (0.000000, 1.000000, 0.000000, -0.000000), (0.000000, 0.000000, 1.000000, -0.000000), (0.000000, 0.000000, 0.000000, 1.000000))
2016-03-22 06:45:32,541 INFO  [default] Projection Transform: mat4x4((0.222222, 0.000000, -0.000000, 0.000000), (0.000000, 0.222222, 0.000000, -0.000000), (0.000000, 0.000000, -1.000200, -0.200020), (0.000000, 0.000000, 1.000000, 0.000000))
2016-03-22 06:45:32,541 INFO  [default] Viewport Transform: mat4x4((256.000000, 0.000000, 0.000000, 255.500000), (0.000000, 256.000000, 0.000000, 255.500000), (0.000000, 0.000000, 1.000000, 0.000000), (0.000000, 0.000000, 0.000000, 1.000000))
2016-03-22 06:45:32,541 INFO  [default] MVP: mat4x4((113.777786, 0.000000, 0.000000, 113.555565), (0.000000, 113.777786, 0.000000, 113.555565), (0.000000, 0.000000, -2.000400, -0.400040), (0.000000, 0.000000, 8.001400, 1.400140))
2016-03-22 06:45:32,541 INFO  [default] Buffer size is: 262144
2016-03-22 06:45:32,602 INFO  [default] Outputting to ppm file: init.ppm
2016-03-22 06:45:32,682 INFO  [default] Finished outputting to init.ppm, closing file.
2016-03-22 06:45:32,683 INFO  [default] Outputting to ppm file: flatshading.ppm
2016-03-22 06:45:32,735 INFO  [default] Finished outputting to flatshading.ppm, closing file.
2016-03-22 06:46:42,613 INFO  [default] Model Transform: mat4x4((2.000000, 0.000000, 0.000000, 0.000000), (0.000000, 2.000000, 0.000000, 0.000000), (0.000000, 0.000000, 2.000000, 0.000000), (0.000000, 0.000000, -7.000000, 1.000000))
2016-03-22 06:46:42,613 INFO  [default] View Transform: mat4x4((1.000000, 0.000000, 0.000000, -0.000000), (0.000000, 1.000000, 0.000000, -0.000000), (0.000000, 0.000000, 1.000000, -0.000000), (0.000000, 0.000000, 0.000000, 1.000000))
2016-03-22 06:46:42,613 INFO  [default] Projection Transform: mat4x4((0.222222, 0.000000, -0.000000, 0.000000), (0.000000, 0.222222, 0.000000, -0.000000), (0.000000, 0.000000, -1.000200, -0.200020), (0.000000, 0.000000, 1.000000, 0.000000))
2016-03-22 06:46:42,613 INFO  [default] Viewport Transform: mat4x4((256.000000, 0.000000, 0.000000, 255.500000), (0.000000, 256.000000, 0.000000, 255.500000), (0.000000, 0.000000, 1.000000, 0.000000), (0.000000, 0.000000, 0.000000, 1.000000))
2016-03-22 06:46:42,613 INFO  [default] MVP: mat4x4((113.777786, 0.000000, 0.000000, 113.555565), (0.000000, 113.777786, 0.000000, 113.555565), (0.000000, 0.000000, -2.000400, -0.400040), (0.000000, 0.000000, 8.001400, 1.400140))
2016-03-22 06:46:42,614 INFO  [default] Buffer size is: 262144
2016-03-22 06:46:42,672 INFO  [default] Outputting to ppm file: init.txt
2016-03-22 06:46:42,752 INFO  [default] Finished outputting to init.txt, closing file.
2016-03-22 06:46:42,753 INFO  [default] Outputting to ppm file: flatshading.ppm
2016-03-22 06:46:42,805 INFO  [default] Finished outputting to flatshading.ppm, closing file.
2016-03-22 06:48:34,902 INFO  [default] Model Transform: mat4x4((2.000000, 0.000000, 0.000000, 0.000000), (0.000000, 2.000000, 0.000000, 0.000000), (0.000000, 0.000000, 2.000000, 0.000000), (0.000000, 0.000000, -7.000000, 1.000000))
2016-03-22 06:48:34,903 INFO  [default] View Transform: mat4x4((1.000000, 0.000000, 0.000000, -0.000000), (0.000000, 1.000000, 0.000000, -0.000000), (0.000000, 0.000000, 1.000000, -0.000000), (0.000000, 0.000000, 0.000000, 1.000000))
2016-03-22 06:48:34,903 INFO  [default] Projection Transform: mat4x4((0.222222, 0.000000, -0.000000, 0.000000), (0.000000, 0.222222, 0.000000, -0.000000), (0.000000, 0.000000, -1.000200, -0.200020), (0.000000, 0.000000, 1.000000, 0.000000))
2016-03-22 06:48:34,903 INFO  [default] Viewport Transform: mat4x4((256.000000, 0.000000, 0.000000, 255.500000), (0.000000, 256.000000, 0.000000, 255.500000), (0.000000, 0.000000, 1.000000, 0.000000), (0.000000, 0.000000, 0.000000, 1.000000))
2016-03-22 06:48:34,903 INFO  [default] MVP: mat4x4((113.777786, 0.000000, 0.000000, 113.555565), (0.000000, 113.777786, 0.000000, 113.555565), (0.000000, 0.000000, -2.000400, -0.400040), (0.000000, 0.000000, 8.001400, 1.400140))
2016-03-22 06:48:34,903 INFO  [default] Buffer size is: 262144
2016-03-22 06:48:34,967 INFO  [default] Outputting to ppm file: flatshading.ppm
2016-03-22 06:48:35,046 INFO  [default] Finished outputting to flatshading.ppm, closing file.
2016-03-22 06:48:45,566 INFO  [default] Model Transform: mat4x4((2.000000, 0.000000, 0.000000, 0.000000), (0.000000, 2.000000, 0.000000, 0.000000), (0.000000, 0.000000, 2.000000, 0.000000), (0.000000, 0.000000, -7.000000, 1.000000))
2016-03-22 06:48:45,566 INFO  [default] View Transform: mat4x4((1.000000, 0.000000, 0.000000, -0.000000), (0.000000, 1.000000, 0.000000, -0.000000), (0.000000, 0.000000, 1.000000, -0.000000), (0.000000, 0.000000, 0.000000, 1.000000))
2016-03-22 06:48:45,566 INFO  [default] Projection Transform: mat4x4((0.222222, 0.000000, -0.000000, 0.000000), (0.000000, 0.222222, 0.000000, -0.000000), (0.000000, 0.000000, -1.000200, -0.200020), (0.000000, 0.000000, 1.000000, 0.000000))
2016-03-22 06:48:45,566 INFO  [default] Viewport Transform: mat4x4((256.000000, 0.000000, 0.000000, 255.500000), (0.000000, 256.000000, 0.000000, 255.500000), (0.000000, 0.000000, 1.000000, 0.000000), (0.000000, 0.000000, 0.000000, 1.000000))
2016-03-22 06:48:45,566 INFO  [default] MVP: mat4x4((113.777786, 0.000000, 0.000000, 113.555565), (0.000000, 113.777786, 0.000000, 113.555565), (0.000000, 0.000000, -2.000400, -0.400040), (0.000000, 0.000000, 8.001400, 1.400140))
2016-03-22 06:48:45,567 INFO  [default] Buffer size is: 262144
2016-03-22 06:48:45,627 INFO  [default] Outputting to ppm file: flatshading.ppm
2016-03-22 06:48:45,708 INFO  [default] Finished outputting to flatshading.ppm, closing file.
2016-03-22 06:55:03,414 INFO  [default] Model Transform: mat4x4((2.000000, 0.000000, 0.000000, 0.000000), (0.000000, 2.000000, 0.000000, 0.000000), (0.000000, 0.000000, 2.000000, 0.000000), (0.000000, 0.000000, -7.000000, 1.000000))
2016-03-22 06:55:03,414 INFO  [default] View Transform: mat4x4((1.000000, 0.000000, 0.000000, -0.000000), (0.000000, 1.000000, 0.000000, -0.000000), (0.000000, 0.000000, 1.000000, -0.000000), (0.000000, 0.000000, 0.000000, 1.000000))
2016-03-22 06:55:03,415 INFO  [default] Projection Transform: mat4x4((0.222222, 0.000000, -0.000000, 0.000000), (0.000000, 0.222222, 0.000000, -0.000000), (0.000000, 0.000000, -1.000200, -0.200020), (0.000000, 0.000000, 1.000000, 0.000000))
2016-03-22 06:55:03,415 INFO  [default] Viewport Transform: mat4x4((256.000000, 0.000000, 0.000000, 255.500000), (0.000000, 256.000000, 0.000000, 255.500000), (0.000000, 0.000000, 1.000000, 0.000000), (0.000000, 0.000000, 0.000000, 1.000000))
2016-03-22 06:55:03,415 INFO  [default] MVP: mat4x4((113.777786, 0.000000, 0.000000, 113.555565), (0.000000, 113.777786, 0.000000, 113.555565), (0.000000, 0.000000, -2.000400, -0.400040), (0.000000, 0.000000, 8.001400, 1.400140))
2016-03-22 06:55:03,415 INFO  [default] Buffer size is: 262144
2016-03-22 06:55:03,471 INFO  [default] Outputting to ppm file: flatshading.ppm
2016-03-22 06:55:03,525 INFO  [default] Finished outputting to flatshading.ppm, closing file.
2016-03-22 06:55:53,716 INFO  [default] Model Transform: mat4x4((2.000000, 0.000000, 0.000000, 0.000000), (0.000000, 2.000000, 0.000000, 0.000000), (0.000000, 0.000000, 2.000000, 0.000000), (0.000000, 0.000000, -7.000000, 1.000000))
2016-03-22 06:55:53,716 INFO  [default] View Transform: mat4x4((1.000000, 0.000000, 0.000000, -0.000000), (0.000000, 1.000000, 0.000000, -0.000000), (0.000000, 0.000000, 1.000000, -0.000000), (0.000000, 0.000000, 0.000000, 1.000000))
2016-03-22 06:55:53,716 INFO  [default] Projection Transform: mat4x4((0.222222, 0.000000, -0.000000, 0.000000), (0.000000, 0.222222, 0.000000, -0.000000), (0.000000, 0.000000, -1.000200, -0.200020), (0.000000, 0.000000, 1.000000, 0.000000))
2016-03-22 06:55:53,716 INFO  [default] Viewport Transform: mat4x4((256.000000, 0.000000, 0.000000, 255.500000), (0.000000, 256.000000, 0.000000, 255.500000), (0.000000, 0.000000, 1.000000, 0.000000), (0.000000, 0.000000, 0.000000, 1.000000))
2016-03-22 06:55:53,717 INFO  [default] MVP: mat4x4((113.777786, 0.000000, 0.000000, 113.555565), (0.000000, 113.777786, 0.000000, 113.555565), (0.000000, 0.000000, -2.000400, -0.400040), (0.000000, 0.000000, 8.001400, 1.400140))
2016-03-22 06:55:53,717 INFO  [default] Buffer size is: 262144
2016-03-22 06:55:53,765 INFO  [default] Outputting to ppm file: flatshading.ppm
2016-03-22 06:55:53,844 INFO  [default] Finished outputting to flatshading.ppm, closing file.
2016-03-22 06:57:46,439 INFO  [default] Model Transform: mat4x4((2.000000, 0.000000, 0.000000, 0.000000), (0.000000, 2.000000, 0.000000, 0.000000), (0.000000, 0.000000, 2.000000, 0.000000), (0.000000, 0.000000, -7.000000, 1.000000))
2016-03-22 06:57:46,439 INFO  [default] View Transform: mat4x4((1.000000, 0.000000, 0.000000, -0.000000), (0.000000, 1.000000, 0.000000, -0.000000), (0.000000, 0.000000, 1.000000, -0.000000), (0.000000, 0.000000, 0.000000, 1.000000))
2016-03-22 06:57:46,439 INFO  [default] Projection Transform: mat4x4((0.222222, 0.000000, -0.000000, 0.000000), (0.000000, 0.222222, 0.000000, -0.000000), (0.000000, 0.000000, -1.000200, -0.200020), (0.000000, 0.000000, 1.000000, 0.000000))
2016-03-22 06:57:46,439 INFO  [default] Viewport Transform: mat4x4((256.000000, 0.000000, 0.000000, 255.500000), (0.000000, 256.000000, 0.000000, 255.500000), (0.000000, 0.000000, 1.000000, 0.000000), (0.000000, 0.000000, 0.000000, 1.000000))
2016-03-22 06:57:46,439 INFO  [default] MVP: mat4x4((113.777786, 0.000000, 0.000000, 113.555565), (0.000000, 113.777786, 0.000000, 113.555565), (0.000000, 0.000000, -2.000400, -0.400040), (0.000000, 0.000000, 8.001400, 1.400140))
2016-03-22 06:57:46,439 INFO  [default] Buffer size is: 262144
2016-03-22 06:57:46,456 INFO  [default] No fragments
2016-03-22 06:57:46,456 INFO  [default] No fragments
2016-03-22 06:57:46,456 INFO  [default] No fragments
2016-03-22 06:57:46,456 INFO  [default] No fragments
2016-03-22 06:57:46,456 INFO  [default] No fragments
2016-03-22 06:57:46,456 INFO  [default] No fragments
2016-03-22 06:57:46,456 INFO  [default] No fragments
2016-03-22 06:57:46,456 INFO  [default] No fragments
2016-03-22 06:57:46,456 INFO  [default] No fragments
2016-03-22 06:57:46,456 INFO  [default] No fragments
2016-03-22 06:57:46,456 INFO  [default] No fragments
2016-03-22 06:57:46,456 INFO  [default] No fragments
2016-03-22 06:57:46,456 INFO  [default] No fragments
2016-03-22 06:57:46,456 INFO  [default] No fragments
2016-03-22 06:57:46,456 INFO  [default] No fragments
2016-03-22 06:57:46,456 INFO  [default] No fragments
2016-03-22 06:57:46,456 INFO  [default] No fragments
2016-03-22 06:57:46,456 INFO  [default] No fragments
2016-03-22 06:57:46,456 INFO  [default] No fragments
2016-03-22 06:57:46,456 INFO  [default] No fragments
2016-03-22 06:57:46,456 INFO  [default] No fragments
2016-03-22 06:57:46,456 INFO  [default] No fragments
2016-03-22 06:57:46,456 INFO  [default] No fragments
2016-03-22 06:57:46,456 INFO  [default] No fragments
2016-03-22 06:57:46,456 INFO  [default] No fragments
2016-03-22 06:57:46,456 INFO  [default] No fragments
2016-03-22 06:57:46,456 INFO  [default] No fragments
2016-03-22 06:57:46,456 INFO  [default] No fragments
2016-03-22 06:57:46,456 INFO  [default] No fragments
2016-03-22 06:57:46,456 INFO  [default] No fragments
2016-03-22 06:57:46,456 INFO  [default] No fragments
2016-03-22 06:57:46,456 INFO  [default] No fragments
2016-03-22 06:57:46,456 INFO  [default] No fragments
2016-03-22 06:57:46,456 INFO  [default] No fragments
2016-03-22 06:57:46,456 INFO  [default] No fragments
2016-03-22 06:57:46,456 INFO  [default] No fragments
2016-03-22 06:57:46,456 INFO  [default] No fragments
2016-03-22 06:57:46,456 INFO  [default] No fragments
2016-03-22 06:57:46,456 INFO  [default] No fragments
2016-03-22 06:57:46,456 INFO  [default] No fragments
2016-03-22 06:57:46,456 INFO  [default] No fragments
2016-03-22 06:57:46,456 INFO  [default] No fragments
2016-03-22 06:57:46,456 INFO  [default] No fragments
2016-03-22 06:57:46,456 INFO  [default] No fragments
2016-03-22 06:57:46,456 INFO  [default] No fragments
2016-03-22 06:57:46,456 INFO  [default] No fragments
2016-03-22 06:57:46,456 INFO  [default] No fragments
2016-03-22 06:57:46,456 INFO  [default] No fragments
2016-03-22 06:57:46,457 INFO  [default] No fragments
2016-03-22 06:57:46,457 INFO  [default] No fragments
2016-03-22 06:57:46,457 INFO  [default] No fragments
2016-03-22 06:57:46,457 INFO  [default] No fragments
2016-03-22 06:57:46,457 INFO  [default] No fragments
2016-03-22 06:57:46,457 INFO  [default] No fragments
2016-03-22 06:57:46,457 INFO  [default] No fragments
2016-03-22 06:57:46,457 INFO  [default] No fragments
2016-03-22 06:57:46,457 INFO  [default] No fragments
2016-03-22 06:57:46,457 INFO  [default] No fragments
2016-03-22 06:57:46,457 INFO  [default] No fragments
2016-03-22 06:57:46,457 INFO  [default] No fragments
2016-03-22 06:57:46,457 INFO  [default] No fragments
2016-03-22 06:57:46,457 INFO  [default] No fragments
2016-03-22 06:57:46,457 INFO  [default] No fragments
2016-03-22 06:57:46,457 INFO  [default] No fragments
2016-03-22 06:57:46,457 INFO  [default] No fragments
2016-03-22 06:57:46,457 INFO  [default] No fragments
2016-03-22 06:57:46,457 INFO  [default] No fragments
2016-03-22 06:57:46,457 INFO  [default] No fragments
2016-03-22 06:57:46,457 INFO  [default] No fragments
2016-03-22 06:57:46,457 INFO  [default] No fragments
2016-03-22 06:57:46,457 INFO  [default] No fragments
2016-03-22 06:57:46,457 INFO  [default] No fragments
2016-03-22 06:57:46,457 INFO  [default] No fragments
2016-03-22 06:57:46,457 INFO  [default] No fragments
2016-03-22 06:57:46,457 INFO  [default] No fragments
2016-03-22 06:57:46,457 INFO  [default] No fragments
2016-03-22 06:57:46,457 INFO  [default] No fragments
2016-03-22 06:57:46,457 INFO  [default] No fragments
2016-03-22 06:57:46,457 INFO  [default] No fragments
2016-03-22 06:57:46,457 INFO  [default] No fragments
2016-03-22 06:57:46,457 INFO  [default] No fragments
2016-03-22 06:57:46,457 INFO  [default] No fragments
2016-03-22 06:57:46,457 INFO  [default] No fragments
2016-03-22 06:57:46,457 INFO  [default] No fragments
2016-03-22 06:57:46,457 INFO  [default] No fragments
2016-03-22 06:57:46,457 INFO  [default] No fragments
2016-03-22 06:57:46,457 INFO  [default] No fragments
2016-03-22 06:57:46,457 INFO  [default] No fragments
2016-03-22 06:57:46,457 INFO  [default] No fragments
2016-03-22 06:57:46,457 INFO  [default] No fragments
2016-03-22 06:57:46,457 INFO  [default] No fragments
2016-03-22 06:57:46,457 INFO  [default] No fragments
2016-03-22 06:57:46,457 INFO  [default] No fragments
2016-03-22 06:57:46,457 INFO  [default] No fragments
2016-03-22 06:57:46,457 INFO  [default] No fragments
2016-03-22 06:57:46,457 INFO  [default] No fragments
2016-03-22 06:57:46,457 INFO  [default] No fragments
2016-03-22 06:57:46,457 INFO  [default] No fragments
2016-03-22 06:57:46,457 INFO  [default] No fragments
2016-03-22 06:57:46,457 INFO  [default] No fragments
2016-03-22 06:57:46,457 INFO  [default] No fragments
2016-03-22 06:57:46,457 INFO  [default] No fragments
2016-03-22 06:57:46,457 INFO  [default] No fragments
2016-03-22 06:57:46,457 INFO  [default] No fragments
2016-03-22 06:57:46,457 INFO  [default] No fragments
2016-03-22 06:57:46,457 INFO  [default] No fragments
2016-03-22 06:57:46,457 INFO  [default] No fragments
2016-03-22 06:57:46,457 INFO  [default] No fragments
2016-03-22 06:57:46,457 INFO  [default] No fragments
2016-03-22 06:57:46,457 INFO  [default] No fragments
2016-03-22 06:57:46,457 INFO  [default] No fragments
2016-03-22 06:57:46,457 INFO  [default] No fragments
2016-03-22 06:57:46,457 INFO  [default] No fragments
2016-03-22 06:57:46,457 INFO  [default] No fragments
2016-03-22 06:57:46,457 INFO  [default] No fragments
2016-03-22 06:57:46,458 INFO  [default] No fragments
2016-03-22 06:57:46,458 INFO  [default] No fragments
2016-03-22 06:57:46,458 INFO  [default] No fragments
2016-03-22 06:57:46,458 INFO  [default] No fragments
2016-03-22 06:57:46,458 INFO  [default] No fragments
2016-03-22 06:57:46,458 INFO  [default] No fragments
2016-03-22 06:57:46,458 INFO  [default] No fragments
2016-03-22 06:57:46,458 INFO  [default] No fragments
2016-03-22 06:57:46,458 INFO  [default] No fragments
2016-03-22 06:57:46,458 INFO  [default] No fragments
2016-03-22 06:57:46,458 INFO  [default] No fragments
2016-03-22 06:57:46,458 INFO  [default] No fragments
2016-03-22 06:57:46,458 INFO  [default] No fragments
2016-03-22 06:57:46,458 INFO  [default] No fragments
2016-03-22 06:57:46,458 INFO  [default] No fragments
2016-03-22 06:57:46,458 INFO  [default] No fragments
2016-03-22 06:57:46,458 INFO  [default] No fragments
2016-03-22 06:57:46,458 INFO  [default] No fragments
2016-03-22 06:57:46,458 INFO  [default] No fragments
2016-03-22 06:57:46,458 INFO  [default] No fragments
2016-03-22 06:57:46,458 INFO  [default] No fragments
2016-03-22 06:57:46,458 INFO  [default] No fragments
2016-03-22 06:57:46,458 INFO  [default] No fragments
2016-03-22 06:57:46,458 INFO  [default] No fragments
2016-03-22 06:57:46,458 INFO  [default] No fragments
2016-03-22 06:57:46,458 INFO  [default] No fragments
2016-03-22 06:57:46,458 INFO  [default] No fragments
2016-03-22 06:57:46,458 INFO  [default] No fragments
2016-03-22 06:57:46,458 INFO  [default] No fragments
2016-03-22 06:57:46,458 INFO  [default] No fragments
2016-03-22 06:57:46,458 INFO  [default] No fragments
2016-03-22 06:57:46,458 INFO  [default] No fragments
2016-03-22 06:57:46,458 INFO  [default] No fragments
2016-03-22 06:57:46,458 INFO  [default] No fragments
2016-03-22 06:57:46,458 INFO  [default] No fragments
2016-03-22 06:57:46,458 INFO  [default] No fragments
2016-03-22 06:57:46,458 INFO  [default] No fragments
2016-03-22 06:57:46,458 INFO  [default] No fragments
2016-03-22 06:57:46,458 INFO  [default] No fragments
2016-03-22 06:57:46,458 INFO  [default] No fragments
2016-03-22 06:57:46,458 INFO  [default] No fragments
2016-03-22 06:57:46,458 INFO  [default] No fragments
2016-03-22 06:57:46,458 INFO  [default] No fragments
2016-03-22 06:57:46,458 INFO  [default] No fragments
2016-03-22 06:57:46,458 INFO  [default] No fragments
2016-03-22 06:57:46,458 INFO  [default] No fragments
2016-03-22 06:57:46,458 INFO  [default] No fragments
2016-03-22 06:57:46,458 INFO  [default] No fragments
2016-03-22 06:57:46,458 INFO  [default] No fragments
2016-03-22 06:57:46,458 INFO  [default] No fragments
2016-03-22 06:57:46,458 INFO  [default] No fragments
2016-03-22 06:57:46,458 INFO  [default] No fragments
2016-03-22 06:57:46,458 INFO  [default] No fragments
2016-03-22 06:57:46,458 INFO  [default] No fragments
2016-03-22 06:57:46,458 INFO  [default] No fragments
2016-03-22 06:57:46,458 INFO  [default] No fragments
2016-03-22 06:57:46,458 INFO  [default] No fragments
2016-03-22 06:57:46,458 INFO  [default] No fragments
2016-03-22 06:57:46,458 INFO  [default] No fragments
2016-03-22 06:57:46,458 INFO  [default] No fragments
2016-03-22 06:57:46,458 INFO  [default] No fragments
2016-03-22 06:57:46,458 INFO  [default] No fragments
2016-03-22 06:57:46,458 INFO  [default] No fragments
2016-03-22 06:57:46,458 INFO  [default] No fragments
2016-03-22 06:57:46,458 INFO  [default] No fragments
2016-03-22 06:57:46,458 INFO  [default] No fragments
2016-03-22 06:57:46,458 INFO  [default] No fragments
2016-03-22 06:57:46,459 INFO  [default] No fragments
2016-03-22 06:57:46,459 INFO  [default] No fragments
2016-03-22 06:57:46,459 INFO  [default] No fragments
2016-03-22 06:57:46,459 INFO  [default] No fragments
2016-03-22 06:57:46,459 INFO  [default] No fragments
2016-03-22 06:57:46,459 INFO  [default] No fragments
2016-03-22 06:57:46,459 INFO  [default] No fragments
2016-03-22 06:57:46,459 INFO  [default] No fragments
2016-03-22 06:57:46,459 INFO  [default] No fragments
2016-03-22 06:57:46,459 INFO  [default] No fragments
2016-03-22 06:57:46,459 INFO  [default] No fragments
2016-03-22 06:57:46,459 INFO  [default] No fragments
2016-03-22 06:57:46,459 INFO  [default] No fragments
2016-03-22 06:57:46,459 INFO  [default] No fragments
2016-03-22 06:57:46,459 INFO  [default] No fragments
2016-03-22 06:57:46,459 INFO  [default] No fragments
2016-03-22 06:57:46,459 INFO  [default] No fragments
2016-03-22 06:57:46,459 INFO  [default] No fragments
2016-03-22 06:57:46,459 INFO  [default] No fragments
2016-03-22 06:57:46,459 INFO  [default] No fragments
2016-03-22 06:57:46,459 INFO  [default] No fragments
2016-03-22 06:57:46,459 INFO  [default] No fragments
2016-03-22 06:57:46,459 INFO  [default] No fragments
2016-03-22 06:57:46,459 INFO  [default] No fragments
2016-03-22 06:57:46,459 INFO  [default] No fragments
2016-03-22 06:57:46,459 INFO  [default] No fragments
2016-03-22 06:57:46,459 INFO  [default] No fragments
2016-03-22 06:57:46,459 INFO  [default] No fragments
2016-03-22 06:57:46,459 INFO  [default] No fragments
2016-03-22 06:57:46,459 INFO  [default] No fragments
2016-03-22 06:57:46,459 INFO  [default] No fragments
2016-03-22 06:57:46,459 INFO  [default] No fragments
2016-03-22 06:57:46,459 INFO  [default] No fragments
2016-03-22 06:57:46,459 INFO  [default] No fragments
2016-03-22 06:57:46,459 INFO  [default] No fragments
2016-03-22 06:57:46,459 INFO  [default] No fragments
2016-03-22 06:57:46,459 INFO  [default] No fragments
2016-03-22 06:57:46,459 INFO  [default] No fragments
2016-03-22 06:57:46,459 INFO  [default] No fragments
2016-03-22 06:57:46,459 INFO  [default] No fragments
2016-03-22 06:57:46,459 INFO  [default] No fragments
2016-03-22 06:57:46,459 INFO  [default] No fragments
2016-03-22 06:57:46,459 INFO  [default] No fragments
2016-03-22 06:57:46,459 INFO  [default] No fragments
2016-03-22 06:57:46,459 INFO  [default] No fragments
2016-03-22 06:57:46,459 INFO  [default] No fragments
2016-03-22 06:57:46,459 INFO  [default] No fragments
2016-03-22 06:57:46,459 INFO  [default] No fragments
2016-03-22 06:57:46,459 INFO  [default] No fragments
2016-03-22 06:57:46,459 INFO  [default] No fragments
2016-03-22 06:57:46,459 INFO  [default] No fragments
2016-03-22 06:57:46,459 INFO  [default] No fragments
2016-03-22 06:57:46,459 INFO  [default] No fragments
2016-03-22 06:57:46,459 INFO  [default] No fragments
2016-03-22 06:57:46,459 INFO  [default] No fragments
2016-03-22 06:57:46,459 INFO  [default] No fragments
2016-03-22 06:57:46,459 INFO  [default] No fragments
2016-03-22 06:57:46,459 INFO  [default] No fragments
2016-03-22 06:57:46,459 INFO  [default] No fragments
2016-03-22 06:57:46,459 INFO  [default] No fragments
2016-03-22 06:57:46,459 INFO  [default] No fragments
2016-03-22 06:57:46,459 INFO  [default] No fragments
2016-03-22 06:57:46,459 INFO  [default] No fragments
2016-03-22 06:57:46,459 INFO  [default] No fragments
2016-03-22 06:57:46,459 INFO  [default] No fragments
2016-03-22 06:57:46,459 INFO  [default] No fragments
2016-03-22 06:57:46,460 INFO  [default] No fragments
2016-03-22 06:57:46,460 INFO  [default] No fragments
2016-03-22 06:57:46,460 INFO  [default] No fragments
2016-03-22 06:57:46,460 INFO  [default] No fragments
2016-03-22 06:57:46,460 INFO  [default] No fragments
2016-03-22 06:57:46,460 INFO  [default] No fragments
2016-03-22 06:57:46,460 INFO  [default] No fragments
2016-03-22 06:57:46,460 INFO  [default] No fragments
2016-03-22 06:57:46,460 INFO  [default] No fragments
2016-03-22 06:57:46,460 INFO  [default] No fragments
2016-03-22 06:57:46,460 INFO  [default] No fragments
2016-03-22 06:57:46,460 INFO  [default] No fragments
2016-03-22 06:57:46,460 INFO  [default] No fragments
2016-03-22 06:57:46,460 INFO  [default] No fragments
2016-03-22 06:57:46,460 INFO  [default] No fragments
2016-03-22 06:57:46,460 INFO  [default] No fragments
2016-03-22 06:57:46,460 INFO  [default] No fragments
2016-03-22 06:57:46,460 INFO  [default] No fragments
2016-03-22 06:57:46,460 INFO  [default] No fragments
2016-03-22 06:57:46,460 INFO  [default] No fragments
2016-03-22 06:57:46,460 INFO  [default] No fragments
2016-03-22 06:57:46,460 INFO  [default] No fragments
2016-03-22 06:57:46,460 INFO  [default] No fragments
2016-03-22 06:57:46,460 INFO  [default] No fragments
2016-03-22 06:57:46,460 INFO  [default] No fragments
2016-03-22 06:57:46,460 INFO  [default] No fragments
2016-03-22 06:57:46,460 INFO  [default] No fragments
2016-03-22 06:57:46,460 INFO  [default] No fragments
2016-03-22 06:57:46,460 INFO  [default] No fragments
2016-03-22 06:57:46,460 INFO  [default] No fragments
2016-03-22 06:57:46,460 INFO  [default] No fragments
2016-03-22 06:57:46,460 INFO  [default] No fragments
2016-03-22 06:57:46,460 INFO  [default] No fragments
2016-03-22 06:57:46,460 INFO  [default] No fragments
2016-03-22 06:57:46,460 INFO  [default] No fragments
2016-03-22 06:57:46,460 INFO  [default] No fragments
2016-03-22 06:57:46,460 INFO  [default] No fragments
2016-03-22 06:57:46,460 INFO  [default] No fragments
2016-03-22 06:57:46,460 INFO  [default] No fragments
2016-03-22 06:57:46,460 INFO  [default] No fragments
2016-03-22 06:57:46,460 INFO  [default] No fragments
2016-03-22 06:57:46,460 INFO  [default] No fragments
2016-03-22 06:57:46,460 INFO  [default] No fragments
2016-03-22 06:57:46,460 INFO  [default] No fragments
2016-03-22 06:57:46,460 INFO  [default] No fragments
2016-03-22 06:57:46,460 INFO  [default] No fragments
2016-03-22 06:57:46,460 INFO  [default] No fragments
2016-03-22 06:57:46,460 INFO  [default] No fragments
2016-03-22 06:57:46,460 INFO  [default] No fragments
2016-03-22 06:57:46,460 INFO  [default] No fragments
2016-03-22 06:57:46,460 INFO  [default] No fragments
2016-03-22 06:57:46,460 INFO  [default] No fragments
2016-03-22 06:57:46,460 INFO  [default] No fragments
2016-03-22 06:57:46,460 INFO  [default] No fragments
2016-03-22 06:57:46,460 INFO  [default] No fragments
2016-03-22 06:57:46,460 INFO  [default] No fragments
2016-03-22 06:57:46,460 INFO  [default] No fragments
2016-03-22 06:57:46,460 INFO  [default] No fragments
2016-03-22 06:57:46,460 INFO  [default] No fragments
2016-03-22 06:57:46,460 INFO  [default] No fragments
2016-03-22 06:57:46,460 INFO  [default] No fragments
2016-03-22 06:57:46,460 INFO  [default] No fragments
2016-03-22 06:57:46,460 INFO  [default] No fragments
2016-03-22 06:57:46,460 INFO  [default] No fragments
2016-03-22 06:57:46,460 INFO  [default] No fragments
2016-03-22 06:57:46,460 INFO  [default] No fragments
2016-03-22 06:57:46,460 INFO  [default] No fragments
2016-03-22 06:57:46,460 INFO  [default] No fragments
2016-03-22 06:57:46,460 INFO  [default] No fragments
2016-03-22 06:57:46,461 INFO  [default] No fragments
2016-03-22 06:57:46,461 INFO  [default] No fragments
2016-03-22 06:57:46,461 INFO  [default] No fragments
2016-03-22 06:57:46,461 INFO  [default] No fragments
2016-03-22 06:57:46,461 INFO  [default] No fragments
2016-03-22 06:57:46,461 INFO  [default] No fragments
2016-03-22 06:57:46,461 INFO  [default] No fragments
2016-03-22 06:57:46,461 INFO  [default] No fragments
2016-03-22 06:57:46,461 INFO  [default] No fragments
2016-03-22 06:57:46,461 INFO  [default] No fragments
2016-03-22 06:57:46,461 INFO  [default] No fragments
2016-03-22 06:57:46,461 INFO  [default] No fragments
2016-03-22 06:57:46,461 INFO  [default] No fragments
2016-03-22 06:57:46,461 INFO  [default] No fragments
2016-03-22 06:57:46,461 INFO  [default] No fragments
2016-03-22 06:57:46,461 INFO  [default] No fragments
2016-03-22 06:57:46,461 INFO  [default] No fragments
2016-03-22 06:57:46,461 INFO  [default] No fragments
2016-03-22 06:57:46,461 INFO  [default] No fragments
2016-03-22 06:57:46,461 INFO  [default] No fragments
2016-03-22 06:57:46,461 INFO  [default] No fragments
2016-03-22 06:57:46,461 INFO  [default] No fragments
2016-03-22 06:57:46,461 INFO  [default] No fragments
2016-03-22 06:57:46,461 INFO  [default] No fragments
2016-03-22 06:57:46,461 INFO  [default] No fragments
2016-03-22 06:57:46,461 INFO  [default] No fragments
2016-03-22 06:57:46,461 INFO  [default] No fragments
2016-03-22 06:57:46,461 INFO  [default] No fragments
2016-03-22 06:57:46,461 INFO  [default] No fragments
2016-03-22 06:57:46,461 INFO  [default] No fragments
2016-03-22 06:57:46,461 INFO  [default] No fragments
2016-03-22 06:57:46,461 INFO  [default] No fragments
2016-03-22 06:57:46,461 INFO  [default] No fragments
2016-03-22 06:57:46,461 INFO  [default] No fragments
2016-03-22 06:57:46,461 INFO  [default] No fragments
2016-03-22 06:57:46,461 INFO  [default] No fragments
2016-03-22 06:57:46,461 INFO  [default] No fragments
2016-03-22 06:57:46,461 INFO  [default] No fragments
2016-03-22 06:57:46,461 INFO  [default] No fragments
2016-03-22 06:57:46,461 INFO  [default] No fragments
2016-03-22 06:57:46,461 INFO  [default] No fragments
2016-03-22 06:57:46,461 INFO  [default] No fragments
2016-03-22 06:57:46,461 INFO  [default] No fragments
2016-03-22 06:57:46,461 INFO  [default] No fragments
2016-03-22 06:57:46,461 INFO  [default] No fragments
2016-03-22 06:57:46,461 INFO  [default] No fragments
2016-03-22 06:57:46,461 INFO  [default] No fragments
2016-03-22 06:57:46,461 INFO  [default] No fragments
2016-03-22 06:57:46,461 INFO  [default] No fragments
2016-03-22 06:57:46,461 INFO  [default] No fragments
2016-03-22 06:57:46,461 INFO  [default] No fragments
2016-03-22 06:57:46,461 INFO  [default] No fragments
2016-03-22 06:57:46,461 INFO  [default] No fragments
2016-03-22 06:57:46,461 INFO  [default] No fragments
2016-03-22 06:57:46,461 INFO  [default] No fragments
2016-03-22 06:57:46,461 INFO  [default] No fragments
2016-03-22 06:57:46,461 INFO  [default] No fragments
2016-03-22 06:57:46,461 INFO  [default] No fragments
2016-03-22 06:57:46,461 INFO  [default] No fragments
2016-03-22 06:57:46,461 INFO  [default] No fragments
2016-03-22 06:57:46,461 INFO  [default] No fragments
2016-03-22 06:57:46,461 INFO  [default] No fragments
2016-03-22 06:57:46,461 INFO  [default] No fragments
2016-03-22 06:57:46,461 INFO  [default] No fragments
2016-03-22 06:57:46,461 INFO  [default] No fragments
2016-03-22 06:57:46,461 INFO  [default] No fragments
2016-03-22 06:57:46,461 INFO  [default] No fragments
2016-03-22 06:57:46,461 INFO  [default] No fragments
2016-03-22 06:57:46,461 INFO  [default] No fragments
2016-03-22 06:57:46,462 INFO  [default] No fragments
2016-03-22 06:57:46,462 INFO  [default] No fragments
2016-03-22 06:57:46,462 INFO  [default] No fragments
2016-03-22 06:57:46,462 INFO  [default] No fragments
2016-03-22 06:57:46,462 INFO  [default] No fragments
2016-03-22 06:57:46,462 INFO  [default] No fragments
2016-03-22 06:57:46,462 INFO  [default] No fragments
2016-03-22 06:57:46,462 INFO  [default] No fragments
2016-03-22 06:57:46,462 INFO  [default] No fragments
2016-03-22 06:57:46,462 INFO  [default] No fragments
2016-03-22 06:57:46,462 INFO  [default] No fragments
2016-03-22 06:57:46,462 INFO  [default] No fragments
2016-03-22 06:57:46,462 INFO  [default] No fragments
2016-03-22 06:57:46,462 INFO  [default] No fragments
2016-03-22 06:57:46,462 INFO  [default] No fragments
2016-03-22 06:57:46,467 INFO  [default] No fragments
2016-03-22 06:57:46,467 INFO  [default] No fragments
2016-03-22 06:57:46,467 INFO  [default] No fragments
2016-03-22 06:57:46,467 INFO  [default] No fragments
2016-03-22 06:57:46,467 INFO  [default] No fragments
2016-03-22 06:57:46,467 INFO  [default] No fragments
2016-03-22 06:57:46,467 INFO  [default] No fragments
2016-03-22 06:57:46,468 INFO  [default] No fragments
2016-03-22 06:57:46,468 INFO  [default] No fragments
2016-03-22 06:57:46,468 INFO  [default] No fragments
2016-03-22 06:57:46,468 INFO  [default] No fragments
2016-03-22 06:57:46,468 INFO  [default] No fragments
2016-03-22 06:57:46,468 INFO  [default] No fragments
2016-03-22 06:57:46,468 INFO  [default] No fragments
2016-03-22 06:57:46,468 INFO  [default] No fragments
2016-03-22 06:57:46,468 INFO  [default] No fragments
2016-03-22 06:57:46,468 INFO  [default] No fragments
2016-03-22 06:57:46,468 INFO  [default] No fragments
2016-03-22 06:57:46,468 INFO  [default] No fragments
2016-03-22 06:57:46,468 INFO  [default] No fragments
2016-03-22 06:57:46,468 INFO  [default] No fragments
2016-03-22 06:57:46,468 INFO  [default] No fragments
2016-03-22 06:57:46,468 INFO  [default] No fragments
2016-03-22 06:57:46,468 INFO  [default] No fragments
2016-03-22 06:57:46,468 INFO  [default] No fragments
2016-03-22 06:57:46,468 INFO  [default] No fragments
2016-03-22 06:57:46,468 INFO  [default] No fragments
2016-03-22 06:57:46,468 INFO  [default] No fragments
2016-03-22 06:57:46,468 INFO  [default] No fragments
2016-03-22 06:57:46,468 INFO  [default] No fragments
2016-03-22 06:57:46,468 INFO  [default] No fragments
2016-03-22 06:57:46,468 INFO  [default] No fragments
2016-03-22 06:57:46,468 INFO  [default] No fragments
2016-03-22 06:57:46,468 INFO  [default] No fragments
2016-03-22 06:57:46,468 INFO  [default] No fragments
2016-03-22 06:57:46,468 INFO  [default] No fragments
2016-03-22 06:57:46,468 INFO  [default] No fragments
2016-03-22 06:57:46,468 INFO  [default] No fragments
2016-03-22 06:57:46,468 INFO  [default] No fragments
2016-03-22 06:57:46,468 INFO  [default] No fragments
2016-03-22 06:57:46,468 INFO  [default] No fragments
2016-03-22 06:57:46,468 INFO  [default] No fragments
2016-03-22 06:57:46,468 INFO  [default] No fragments
2016-03-22 06:57:46,468 INFO  [default] No fragments
2016-03-22 06:57:46,468 INFO  [default] No fragments
2016-03-22 06:57:46,468 INFO  [default] No fragments
2016-03-22 06:57:46,468 INFO  [default] No fragments
2016-03-22 06:57:46,468 INFO  [default] No fragments
2016-03-22 06:57:46,468 INFO  [default] No fragments
2016-03-22 06:57:46,468 INFO  [default] No fragments
2016-03-22 06:57:46,468 INFO  [default] No fragments
2016-03-22 06:57:46,468 INFO  [default] No fragments
2016-03-22 06:57:46,468 INFO  [default] No fragments
2016-03-22 06:57:46,468 INFO  [default] No fragments
2016-03-22 06:57:46,468 INFO  [default] No fragments
2016-03-22 06:57:46,468 INFO  [default] No fragments
2016-03-22 06:57:46,468 INFO  [default] No fragments
2016-03-22 06:57:46,468 INFO  [default] No fragments
2016-03-22 06:57:46,468 INFO  [default] No fragments
2016-03-22 06:57:46,468 INFO  [default] No fragments
2016-03-22 06:57:46,468 INFO  [default] No fragments
2016-03-22 06:57:46,468 INFO  [default] No fragments
2016-03-22 06:57:46,468 INFO  [default] No fragments
2016-03-22 06:57:46,468 INFO  [default] No fragments
2016-03-22 06:57:46,468 INFO  [default] No fragments
2016-03-22 06:57:46,468 INFO  [default] No fragments
2016-03-22 06:57:46,468 INFO  [default] No fragments
2016-03-22 06:57:46,468 INFO  [default] No fragments
2016-03-22 06:57:46,468 INFO  [default] No fragments
2016-03-22 06:57:46,468 INFO  [default] No fragments
2016-03-22 06:57:46,468 INFO  [default] No fragments
2016-03-22 06:57:46,468 INFO  [default] No fragments
2016-03-22 06:57:46,468 INFO  [default] No fragments
2016-03-22 06:57:46,468 INFO  [default] No fragments
2016-03-22 06:57:46,468 INFO  [default] No fragments
2016-03-22 06:57:46,468 INFO  [default] No fragments
2016-03-22 06:57:46,469 INFO  [default] No fragments
2016-03-22 06:57:46,469 INFO  [default] No fragments
2016-03-22 06:57:46,469 INFO  [default] No fragments
2016-03-22 06:57:46,469 INFO  [default] No fragments
2016-03-22 06:57:46,469 INFO  [default] No fragments
2016-03-22 06:57:46,469 INFO  [default] No fragments
2016-03-22 06:57:46,469 INFO  [default] No fragments
2016-03-22 06:57:46,469 INFO  [default] No fragments
2016-03-22 06:57:46,469 INFO  [default] No fragments
2016-03-22 06:57:46,469 INFO  [default] No fragments
2016-03-22 06:57:46,469 INFO  [default] No fragments
2016-03-22 06:57:46,469 INFO  [default] No fragments
2016-03-22 06:57:46,469 INFO  [default] No fragments
2016-03-22 06:57:46,469 INFO  [default] No fragments
2016-03-22 06:57:46,469 INFO  [default] No fragments
2016-03-22 06:57:46,469 INFO  [default] No fragments
2016-03-22 06:57:46,469 INFO  [default] No fragments
2016-03-22 06:57:46,469 INFO  [default] No fragments
2016-03-22 06:57:46,469 INFO  [default] No fragments
2016-03-22 06:57:46,469 INFO  [default] No fragments
2016-03-22 06:57:46,469 INFO  [default] No fragments
2016-03-22 06:57:46,469 INFO  [default] No fragments
2016-03-22 06:57:46,469 INFO  [default] No fragments
2016-03-22 06:57:46,469 INFO  [default] No fragments
2016-03-22 06:57:46,469 INFO  [default] No fragments
2016-03-22 06:57:46,469 INFO  [default] No fragments
2016-03-22 06:57:46,469 INFO  [default] No fragments
2016-03-22 06:57:46,469 INFO  [default] No fragments
2016-03-22 06:57:46,469 INFO  [default] No fragments
2016-03-22 06:57:46,469 INFO  [default] No fragments
2016-03-22 06:57:46,469 INFO  [default] No fragments
2016-03-22 06:57:46,469 INFO  [default] No fragments
2016-03-22 06:57:46,469 INFO  [default] No fragments
2016-03-22 06:57:46,469 INFO  [default] No fragments
2016-03-22 06:57:46,469 INFO  [default] No fragments
2016-03-22 06:57:46,469 INFO  [default] No fragments
2016-03-22 06:57:46,469 INFO  [default] No fragments
2016-03-22 06:57:46,469 INFO  [default] No fragments
2016-03-22 06:57:46,469 INFO  [default] No fragments
2016-03-22 06:57:46,469 INFO  [default] No fragments
2016-03-22 06:57:46,469 INFO  [default] No fragments
2016-03-22 06:57:46,469 INFO  [default] No fragments
2016-03-22 06:57:46,469 INFO  [default] No fragments
2016-03-22 06:57:46,469 INFO  [default] No fragments
2016-03-22 06:57:46,469 INFO  [default] No fragments
2016-03-22 06:57:46,469 INFO  [default] No fragments
2016-03-22 06:57:46,469 INFO  [default] No fragments
2016-03-22 06:57:46,469 INFO  [default] No fragments
2016-03-22 06:57:46,469 INFO  [default] No fragments
2016-03-22 06:57:46,469 INFO  [default] No fragments
2016-03-22 06:57:46,469 INFO  [default] No fragments
2016-03-22 06:57:46,469 INFO  [default] No fragments
2016-03-22 06:57:46,469 INFO  [default] No fragments
2016-03-22 06:57:46,469 INFO  [default] No fragments
2016-03-22 06:57:46,469 INFO  [default] No fragments
2016-03-22 06:57:46,469 INFO  [default] No fragments
2016-03-22 06:57:46,469 INFO  [default] No fragments
2016-03-22 06:57:46,469 INFO  [default] No fragments
2016-03-22 06:57:46,469 INFO  [default] No fragments
2016-03-22 06:57:46,469 INFO  [default] No fragments
2016-03-22 06:57:46,469 INFO  [default] No fragments
2016-03-22 06:57:46,469 INFO  [default] No fragments
2016-03-22 06:57:46,469 INFO  [default] No fragments
2016-03-22 06:57:46,469 INFO  [default] No fragments
2016-03-22 06:57:46,469 INFO  [default] No fragments
2016-03-22 06:57:46,469 INFO  [default] No fragments
2016-03-22 06:57:46,469 INFO  [default] No fragments
2016-03-22 06:57:46,469 INFO  [default] No fragments
2016-03-22 06:57:46,469 INFO  [default] No fragments
2016-03-22 06:57:46,469 INFO  [default] No fragments
2016-03-22 06:57:46,469 INFO  [default] No fragments
2016-03-22 06:57:46,469 INFO  [default] No fragments
2016-03-22 06:57:46,469 INFO  [default] No fragments
2016-03-22 06:57:46,469 INFO  [default] No fragments
2016-03-22 06:57:46,469 INFO  [default] No fragments
2016-03-22 06:57:46,470 INFO  [default] No fragments
2016-03-22 06:57:46,470 INFO  [default] No fragments
2016-03-22 06:57:46,470 INFO  [default] No fragments
2016-03-22 06:57:46,470 INFO  [default] No fragments
2016-03-22 06:57:46,470 INFO  [default] No fragments
2016-03-22 06:57:46,470 INFO  [default] No fragments
2016-03-22 06:57:46,470 INFO  [default] No fragments
2016-03-22 06:57:46,470 INFO  [default] No fragments
2016-03-22 06:57:46,470 INFO  [default] No fragments
2016-03-22 06:57:46,470 INFO  [default] No fragments
2016-03-22 06:57:46,470 INFO  [default] No fragments
2016-03-22 06:57:46,470 INFO  [default] No fragments
2016-03-22 06:57:46,470 INFO  [default] No fragments
2016-03-22 06:57:46,470 INFO  [default] No fragments
2016-03-22 06:57:46,470 INFO  [default] No fragments
2016-03-22 06:57:46,470 INFO  [default] No fragments
2016-03-22 06:57:46,470 INFO  [default] No fragments
2016-03-22 06:57:46,470 INFO  [default] No fragments
2016-03-22 06:57:46,470 INFO  [default] No fragments
2016-03-22 06:57:46,470 INFO  [default] No fragments
2016-03-22 06:57:46,470 INFO  [default] No fragments
2016-03-22 06:57:46,470 INFO  [default] No fragments
2016-03-22 06:57:46,470 INFO  [default] No fragments
2016-03-22 06:57:46,470 INFO  [default] No fragments
2016-03-22 06:57:46,470 INFO  [default] No fragments
2016-03-22 06:57:46,470 INFO  [default] No fragments
2016-03-22 06:57:46,470 INFO  [default] No fragments
2016-03-22 06:57:46,470 INFO  [default] No fragments
2016-03-22 06:57:46,470 INFO  [default] No fragments
2016-03-22 06:57:46,470 INFO  [default] No fragments
2016-03-22 06:57:46,470 INFO  [default] No fragments
2016-03-22 06:57:46,470 INFO  [default] No fragments
2016-03-22 06:57:46,470 INFO  [default] No fragments
2016-03-22 06:57:46,470 INFO  [default] No fragments
2016-03-22 06:57:46,470 INFO  [default] No fragments
2016-03-22 06:57:46,470 INFO  [default] No fragments
2016-03-22 06:57:46,470 INFO  [default] No fragments
2016-03-22 06:57:46,470 INFO  [default] No fragments
2016-03-22 06:57:46,470 INFO  [default] No fragments
2016-03-22 06:57:46,470 INFO  [default] No fragments
2016-03-22 06:57:46,470 INFO  [default] No fragments
2016-03-22 06:57:46,470 INFO  [default] No fragments
2016-03-22 06:57:46,470 INFO  [default] No fragments
2016-03-22 06:57:46,470 INFO  [default] No fragments
2016-03-22 06:57:46,470 INFO  [default] No fragments
2016-03-22 06:57:46,470 INFO  [default] No fragments
2016-03-22 06:57:46,470 INFO  [default] No fragments
2016-03-22 06:57:46,470 INFO  [default] No fragments
2016-03-22 06:57:46,470 INFO  [default] No fragments
2016-03-22 06:57:46,470 INFO  [default] No fragments
2016-03-22 06:57:46,470 INFO  [default] No fragments
2016-03-22 06:57:46,470 INFO  [default] No fragments
2016-03-22 06:57:46,470 INFO  [default] No fragments
2016-03-22 06:57:46,470 INFO  [default] No fragments
2016-03-22 06:57:46,470 INFO  [default] No fragments
2016-03-22 06:57:46,470 INFO  [default] No fragments
2016-03-22 06:57:46,470 INFO  [default] No fragments
2016-03-22 06:57:46,470 INFO  [default] No fragments
2016-03-22 06:57:46,470 INFO  [default] No fragments
2016-03-22 06:57:46,470 INFO  [default] No fragments
2016-03-22 06:57:46,470 INFO  [default] No fragments
2016-03-22 06:57:46,470 INFO  [default] No fragments
2016-03-22 06:57:46,470 INFO  [default] No fragments
2016-03-22 06:57:46,470 INFO  [default] No fragments
2016-03-22 06:57:46,470 INFO  [default] No fragments
2016-03-22 06:57:46,470 INFO  [default] No fragments
2016-03-22 06:57:46,470 INFO  [default] No fragments
2016-03-22 06:57:46,470 INFO  [default] No fragments
2016-03-22 06:57:46,470 INFO  [default] No fragments
2016-03-22 06:57:46,470 INFO  [default] No fragments
2016-03-22 06:57:46,470 INFO  [default] No fragments
2016-03-22 06:57:46,470 INFO  [default] No fragments
2016-03-22 06:57:46,470 INFO  [default] No fragments
2016-03-22 06:57:46,470 INFO  [default] No fragments
2016-03-22 06:57:46,497 INFO  [default] No fragments
2016-03-22 06:57:46,498 INFO  [default] No fragments
2016-03-22 06:57:46,498 INFO  [default] No fragments
2016-03-22 06:57:46,498 INFO  [default] No fragments
2016-03-22 06:57:46,498 INFO  [default] No fragments
2016-03-22 06:57:46,498 INFO  [default] No fragments
2016-03-22 06:57:46,498 INFO  [default] No fragments
2016-03-22 06:57:46,498 INFO  [default] No fragments
2016-03-22 06:57:46,498 INFO  [default] No fragments
2016-03-22 06:57:46,498 INFO  [default] No fragments
2016-03-22 06:57:46,498 INFO  [default] No fragments
2016-03-22 06:57:46,498 INFO  [default] No fragments
2016-03-22 06:57:46,498 INFO  [default] No fragments
2016-03-22 06:57:46,498 INFO  [default] No fragments
2016-03-22 06:57:46,498 INFO  [default] No fragments
2016-03-22 06:57:46,498 INFO  [default] No fragments
2016-03-22 06:57:46,498 INFO  [default] No fragments
2016-03-22 06:57:46,498 INFO  [default] No fragments
2016-03-22 06:57:46,498 INFO  [default] No fragments
2016-03-22 06:57:46,498 INFO  [default] No fragments
2016-03-22 06:57:46,498 INFO  [default] No fragments
2016-03-22 06:57:46,498 INFO  [default] No fragments
2016-03-22 06:57:46,498 INFO  [default] No fragments
2016-03-22 06:57:46,498 INFO  [default] No fragments
2016-03-22 06:57:46,498 INFO  [default] No fragments
2016-03-22 06:57:46,498 INFO  [default] No fragments
2016-03-22 06:57:46,498 INFO  [default] No fragments
2016-03-22 06:57:46,498 INFO  [default] No fragments
2016-03-22 06:57:46,498 INFO  [default] No fragments
2016-03-22 06:57:46,498 INFO  [default] No fragments
2016-03-22 06:57:46,498 INFO  [default] No fragments
2016-03-22 06:57:46,498 INFO  [default] No fragments
2016-03-22 06:57:46,498 INFO  [default] No fragments
2016-03-22 06:57:46,498 INFO  [default] No fragments
2016-03-22 06:57:46,498 INFO  [default] No fragments
2016-03-22 06:57:46,498 INFO  [default] No fragments
2016-03-22 06:57:46,498 INFO  [default] No fragments
2016-03-22 06:57:46,498 INFO  [default] No fragments
2016-03-22 06:57:46,498 INFO  [default] No fragments
2016-03-22 06:57:46,498 INFO  [default] No fragments
2016-03-22 06:57:46,498 INFO  [default] No fragments
2016-03-22 06:57:46,498 INFO  [default] No fragments
2016-03-22 06:57:46,498 INFO  [default] No fragments
2016-03-22 06:57:46,498 INFO  [default] No fragments
2016-03-22 06:57:46,498 INFO  [default] No fragments
2016-03-22 06:57:46,498 INFO  [default] No fragments
2016-03-22 06:57:46,498 INFO  [default] No fragments
2016-03-22 06:57:46,498 INFO  [default] No fragments
2016-03-22 06:57:46,498 INFO  [default] No fragments
2016-03-22 06:57:46,498 INFO  [default] No fragments
2016-03-22 06:57:46,498 INFO  [default] No fragments
2016-03-22 06:57:46,498 INFO  [default] No fragments
2016-03-22 06:57:46,498 INFO  [default] No fragments
2016-03-22 06:57:46,498 INFO  [default] No fragments
2016-03-22 06:57:46,498 INFO  [default] No fragments
2016-03-22 06:57:46,498 INFO  [default] No fragments
2016-03-22 06:57:46,498 INFO  [default] No fragments
2016-03-22 06:57:46,498 INFO  [default] No fragments
2016-03-22 06:57:46,498 INFO  [default] No fragments
2016-03-22 06:57:46,498 INFO  [default] No fragments
2016-03-22 06:57:46,498 INFO  [default] No fragments
2016-03-22 06:57:46,498 INFO  [default] No fragments
2016-03-22 06:57:46,498 INFO  [default] No fragments
2016-03-22 06:57:46,498 INFO  [default] No fragments
2016-03-22 06:57:46,498 INFO  [default] No fragments
2016-03-22 06:57:46,498 INFO  [default] No fragments
2016-03-22 06:57:46,498 INFO  [default] No fragments
2016-03-22 06:57:46,498 INFO  [default] No fragments
2016-03-22 06:57:46,498 INFO  [default] No fragments
2016-03-22 06:57:46,498 INFO  [default] No fragments
2016-03-22 06:57:46,498 INFO  [default] No fragments
2016-03-22 06:57:46,498 INFO  [default] No fragments
2016-03-22 06:57:46,498 INFO  [default] No fragments
2016-03-22 06:57:46,498 INFO  [default] No fragments
2016-03-22 06:57:46,498 INFO  [default] No fragments
2016-03-22 06:57:46,498 INFO  [default] No fragments
2016-03-22 06:57:46,499 INFO  [default] No fragments
2016-03-22 06:57:46,499 INFO  [default] No fragments
2016-03-22 06:57:46,499 INFO  [default] No fragments
2016-03-22 06:57:46,499 INFO  [default] No fragments
2016-03-22 06:57:46,499 INFO  [default] No fragments
2016-03-22 06:57:46,503 INFO  [default] No fragments
2016-03-22 06:57:46,503 INFO  [default] No fragments
2016-03-22 06:57:46,503 INFO  [default] No fragments
2016-03-22 06:57:46,503 INFO  [default] No fragments
2016-03-22 06:57:46,503 INFO  [default] No fragments
2016-03-22 06:57:46,503 INFO  [default] No fragments
2016-03-22 06:57:46,503 INFO  [default] No fragments
2016-03-22 06:57:46,503 INFO  [default] No fragments
2016-03-22 06:57:46,503 INFO  [default] No fragments
2016-03-22 06:57:46,503 INFO  [default] No fragments
2016-03-22 06:57:46,503 INFO  [default] No fragments
2016-03-22 06:57:46,503 INFO  [default] No fragments
2016-03-22 06:57:46,503 INFO  [default] No fragments
2016-03-22 06:57:46,503 INFO  [default] No fragments
2016-03-22 06:57:46,503 INFO  [default] No fragments
2016-03-22 06:57:46,503 INFO  [default] No fragments
2016-03-22 06:57:46,503 INFO  [default] No fragments
2016-03-22 06:57:46,503 INFO  [default] No fragments
2016-03-22 06:57:46,503 INFO  [default] No fragments
2016-03-22 06:57:46,503 INFO  [default] No fragments
2016-03-22 06:57:46,503 INFO  [default] No fragments
2016-03-22 06:57:46,503 INFO  [default] No fragments
2016-03-22 06:57:46,503 INFO  [default] No fragments
2016-03-22 06:57:46,503 INFO  [default] No fragments
2016-03-22 06:57:46,503 INFO  [default] No fragments
2016-03-22 06:57:46,503 INFO  [default] No fragments
2016-03-22 06:57:46,503 INFO  [default] No fragments
2016-03-22 06:57:46,503 INFO  [default] No fragments
2016-03-22 06:57:46,503 INFO  [default] No fragments
2016-03-22 06:57:46,503 INFO  [default] No fragments
2016-03-22 06:57:46,503 INFO  [default] No fragments
2016-03-22 06:57:46,503 INFO  [default] No fragments
2016-03-22 06:57:46,503 INFO  [default] No fragments
2016-03-22 06:57:46,503 INFO  [default] No fragments
2016-03-22 06:57:46,503 INFO  [default] No fragments
2016-03-22 06:57:46,503 INFO  [default] No fragments
2016-03-22 06:57:46,503 INFO  [default] No fragments
2016-03-22 06:57:46,503 INFO  [default] No fragments
2016-03-22 06:57:46,503 INFO  [default] No fragments
2016-03-22 06:57:46,503 INFO  [default] No fragments
2016-03-22 06:57:46,503 INFO  [default] No fragments
2016-03-22 06:57:46,503 INFO  [default] No fragments
2016-03-22 06:57:46,503 INFO  [default] No fragments
2016-03-22 06:57:46,503 INFO  [default] No fragments
2016-03-22 06:57:46,503 INFO  [default] No fragments
2016-03-22 06:57:46,503 INFO  [default] No fragments
2016-03-22 06:57:46,503 INFO  [default] No fragments
2016-03-22 06:57:46,503 INFO  [default] No fragments
2016-03-22 06:57:46,503 INFO  [default] No fragments
2016-03-22 06:57:46,503 INFO  [default] No fragments
2016-03-22 06:57:46,504 INFO  [default] No fragments
2016-03-22 06:57:46,504 INFO  [default] No fragments
2016-03-22 06:57:46,504 INFO  [default] No fragments
2016-03-22 06:57:46,504 INFO  [default] No fragments
2016-03-22 06:57:46,504 INFO  [default] No fragments
2016-03-22 06:57:46,504 INFO  [default] No fragments
2016-03-22 06:57:46,504 INFO  [default] No fragments
2016-03-22 06:57:46,504 INFO  [default] No fragments
2016-03-22 06:57:46,504 INFO  [default] No fragments
2016-03-22 06:57:46,504 INFO  [default] No fragments
2016-03-22 06:57:46,504 INFO  [default] No fragments
2016-03-22 06:57:46,504 INFO  [default] No fragments
2016-03-22 06:57:46,504 INFO  [default] No fragments
2016-03-22 06:57:46,504 INFO  [default] No fragments
2016-03-22 06:57:46,504 INFO  [default] No fragments
2016-03-22 06:57:46,504 INFO  [default] No fragments
2016-03-22 06:57:46,504 INFO  [default] No fragments
2016-03-22 06:57:46,504 INFO  [default] No fragments
2016-03-22 06:57:46,504 INFO  [default] No fragments
2016-03-22 06:57:46,504 INFO  [default] No fragments
2016-03-22 06:57:46,504 INFO  [default] No fragments
2016-03-22 06:57:46,504 INFO  [default] No fragments
2016-03-22 06:57:46,504 INFO  [default] No fragments
2016-03-22 06:57:46,504 INFO  [default] No fragments
2016-03-22 06:57:46,504 INFO  [default] No fragments
2016-03-22 06:57:46,504 INFO  [default] No fragments
2016-03-22 06:57:46,504 INFO  [default] No fragments
2016-03-22 06:57:46,504 INFO  [default] No fragments
2016-03-22 06:57:46,504 INFO  [default] No fragments
2016-03-22 06:57:46,504 INFO  [default] No fragments
2016-03-22 06:57:46,504 INFO  [default] No fragments
2016-03-22 06:57:46,504 INFO  [default] No fragments
2016-03-22 06:57:46,504 INFO  [default] No fragments
2016-03-22 06:57:46,504 INFO  [default] No fragments
2016-03-22 06:57:46,504 INFO  [default] No fragments
2016-03-22 06:57:46,504 INFO  [default] No fragments
2016-03-22 06:57:46,504 INFO  [default] No fragments
2016-03-22 06:57:46,504 INFO  [default] No fragments
2016-03-22 06:57:46,504 INFO  [default] No fragments
2016-03-22 06:57:46,504 INFO  [default] No fragments
2016-03-22 06:57:46,504 INFO  [default] No fragments
2016-03-22 06:57:46,504 INFO  [default] No fragments
2016-03-22 06:57:46,504 INFO  [default] No fragments
2016-03-22 06:57:46,504 INFO  [default] No fragments
2016-03-22 06:57:46,504 INFO  [default] No fragments
2016-03-22 06:57:46,504 INFO  [default] No fragments
2016-03-22 06:57:46,504 INFO  [default] No fragments
2016-03-22 06:57:46,504 INFO  [default] No fragments
2016-03-22 06:57:46,504 INFO  [default] No fragments
2016-03-22 06:57:46,504 INFO  [default] No fragments
2016-03-22 06:57:46,504 INFO  [default] No fragments
2016-03-22 06:57:46,504 INFO  [default] No fragments
2016-03-22 06:57:46,504 INFO  [default] No fragments
2016-03-22 06:57:46,504 INFO  [default] No fragments
2016-03-22 06:57:46,504 INFO  [default] No fragments
2016-03-22 06:57:46,504 INFO  [default] No fragments
2016-03-22 06:57:46,504 INFO  [default] No fragments
2016-03-22 06:57:46,504 INFO  [default] No fragments
2016-03-22 06:57:46,504 INFO  [default] No fragments
2016-03-22 06:57:46,504 INFO  [default] No fragments
2016-03-22 06:57:46,504 INFO  [default] No fragments
2016-03-22 06:57:46,504 INFO  [default] No fragments
2016-03-22 06:57:46,504 INFO  [default] No fragments
2016-03-22 06:57:46,504 INFO  [default] No fragments
2016-03-22 06:57:46,504 INFO  [default] No fragments
2016-03-22 06:57:46,504 INFO  [default] No fragments
2016-03-22 06:57:46,504 INFO  [default] No fragments
2016-03-22 06:57:46,504 INFO  [default] No fragments
2016-03-22 06:57:46,504 INFO  [default] No fragments
2016-03-22 06:57:46,504 INFO  [default] No fragments
2016-03-22 06:57:46,505 INFO  [default] No fragments
2016-03-22 06:57:46,505 INFO  [default] No fragments
2016-03-22 06:57:46,505 INFO  [default] No fragments
2016-03-22 06:57:46,505 INFO  [default] No fragments
2016-03-22 06:57:46,505 INFO  [default] No fragments
2016-03-22 06:57:46,505 INFO  [default] No fragments
2016-03-22 06:57:46,505 INFO  [default] No fragments
2016-03-22 06:57:46,505 INFO  [default] No fragments
2016-03-22 06:57:46,505 INFO  [default] No fragments
2016-03-22 06:57:46,505 INFO  [default] No fragments
2016-03-22 06:57:46,505 INFO  [default] No fragments
2016-03-22 06:57:46,505 INFO  [default] No fragments
2016-03-22 06:57:46,505 INFO  [default] No fragments
2016-03-22 06:57:46,505 INFO  [default] No fragments
2016-03-22 06:57:46,505 INFO  [default] No fragments
2016-03-22 06:57:46,505 INFO  [default] No fragments
2016-03-22 06:57:46,505 INFO  [default] No fragments
2016-03-22 06:57:46,505 INFO  [default] No fragments
2016-03-22 06:57:46,505 INFO  [default] No fragments
2016-03-22 06:57:46,505 INFO  [default] No fragments
2016-03-22 06:57:46,505 INFO  [default] No fragments
2016-03-22 06:57:46,505 INFO  [default] No fragments
2016-03-22 06:57:46,505 INFO  [default] No fragments
2016-03-22 06:57:46,505 INFO  [default] No fragments
2016-03-22 06:57:46,505 INFO  [default] No fragments
2016-03-22 06:57:46,505 INFO  [default] No fragments
2016-03-22 06:57:46,505 INFO  [default] No fragments
2016-03-22 06:57:46,505 INFO  [default] No fragments
2016-03-22 06:57:46,505 INFO  [default] No fragments
2016-03-22 06:57:46,505 INFO  [default] No fragments
2016-03-22 06:57:46,505 INFO  [default] No fragments
2016-03-22 06:57:46,505 INFO  [default] No fragments
2016-03-22 06:57:46,505 INFO  [default] No fragments
2016-03-22 06:57:46,528 INFO  [default] No fragments
2016-03-22 06:57:46,528 INFO  [default] No fragments
2016-03-22 06:57:46,528 INFO  [default] No fragments
2016-03-22 06:57:46,528 INFO  [default] No fragments
2016-03-22 06:57:46,528 INFO  [default] No fragments
2016-03-22 06:57:46,528 INFO  [default] No fragments
2016-03-22 06:57:46,528 INFO  [default] No fragments
2016-03-22 06:57:46,528 INFO  [default] No fragments
2016-03-22 06:57:46,528 INFO  [default] Outputting to ppm file: flatshading.ppm
2016-03-22 06:57:46,572 INFO  [default] Finished outputting to flatshading.ppm, closing file.
2016-03-22 06:58:34,009 INFO  [default] Model Transform: mat4x4((2.000000, 0.000000, 0.000000, 0.000000), (0.000000, 2.000000, 0.000000, 0.000000), (0.000000, 0.000000, 2.000000, 0.000000), (0.000000, 0.000000, -7.000000, 1.000000))
2016-03-22 06:58:34,010 INFO  [default] View Transform: mat4x4((1.000000, 0.000000, 0.000000, -0.000000), (0.000000, 1.000000, 0.000000, -0.000000), (0.000000, 0.000000, 1.000000, -0.000000), (0.000000, 0.000000, 0.000000, 1.000000))
2016-03-22 06:58:34,010 INFO  [default] Projection Transform: mat4x4((0.222222, 0.000000, -0.000000, 0.000000), (0.000000, 0.222222, 0.000000, -0.000000), (0.000000, 0.000000, -1.000200, -0.200020), (0.000000, 0.000000, 1.000000, 0.000000))
2016-03-22 06:58:34,010 INFO  [default] Viewport Transform: mat4x4((256.000000, 0.000000, 0.000000, 255.500000), (0.000000, 256.000000, 0.000000, 255.500000), (0.000000, 0.000000, 1.000000, 0.000000), (0.000000, 0.000000, 0.000000, 1.000000))
2016-03-22 06:58:34,010 INFO  [default] MVP: mat4x4((113.777786, 0.000000, 0.000000, 113.555565), (0.000000, 113.777786, 0.000000, 113.555565), (0.000000, 0.000000, -2.000400, -0.400040), (0.000000, 0.000000, 8.001400, 1.400140))
2016-03-22 06:58:34,011 INFO  [default] Buffer size is: 262144
2016-03-22 06:58:34,058 INFO  [default] Empty frag count: 868
2016-03-22 06:58:34,058 INFO  [default] Outputting to ppm file: flatshading.ppm
2016-03-22 06:58:34,121 INFO  [default] Finished outputting to flatshading.ppm, closing file.
2016-03-22 07:04:20,860 INFO  [default] Model Transform: mat4x4((2.000000, 0.000000, 0.000000, 0.000000), (0.000000, 2.000000, 0.000000, 0.000000), (0.000000, 0.000000, 2.000000, 0.000000), (0.000000, 0.000000, -7.000000, 1.000000))
2016-03-22 07:04:20,860 INFO  [default] View Transform: mat4x4((1.000000, 0.000000, 0.000000, -0.000000), (0.000000, 1.000000, 0.000000, -0.000000), (0.000000, 0.000000, 1.000000, -0.000000), (0.000000, 0.000000, 0.000000, 1.000000))
2016-03-22 07:04:20,860 INFO  [default] Projection Transform: mat4x4((0.222222, 0.000000, -0.000000, 0.000000), (0.000000, 0.222222, 0.000000, -0.000000), (0.000000, 0.000000, -1.000200, -0.200020), (0.000000, 0.000000, 1.000000, 0.000000))
2016-03-22 07:04:20,860 INFO  [default] Viewport Transform: mat4x4((256.000000, 0.000000, 0.000000, 255.500000), (0.000000, 256.000000, 0.000000, 255.500000), (0.000000, 0.000000, 1.000000, 0.000000), (0.000000, 0.000000, 0.000000, 1.000000))
2016-03-22 07:04:20,860 INFO  [default] MVP: mat4x4((113.777786, 0.000000, 0.000000, 113.555565), (0.000000, 113.777786, 0.000000, 113.555565), (0.000000, 0.000000, -2.000400, -0.400040), (0.000000, 0.000000, 8.001400, 1.400140))
2016-03-22 07:04:20,861 INFO  [default] Buffer size is: 262144
2016-03-22 07:04:20,904 INFO  [default] Empty frag count: 868
2016-03-22 07:04:20,904 INFO  [default] Outputting to ppm file: flatshading.ppm
2016-03-22 07:04:20,965 INFO  [default] Finished outputting to flatshading.ppm, closing file.
