The system is: Linux - 4.2.0-27-generic - x86_64
Compiling the C compiler identification source file "CMakeCCompilerId.c" succeeded.
Compiler: /usr/bin/cc 
Build flags: 
Id flags: 

The output was:
0


Compilation of the C compiler identification source "CMakeCCompilerId.c" produced "a.out"

The C compiler identification is GNU, found in "/home/dowoncha/Documents/comp575_pa2/build/CMakeFiles/3.2.2/CompilerIdC/a.out"

Compiling the CXX compiler identification source file "CMakeCXXCompilerId.cpp" succeeded.
Compiler: /usr/bin/c++ 
Build flags: 
Id flags: 

The output was:
0


Compilation of the CXX compiler identification source "CMakeCXXCompilerId.cpp" produced "a.out"

The CXX compiler identification is GNU, found in "/home/dowoncha/Documents/comp575_pa2/build/CMakeFiles/3.2.2/CompilerIdCXX/a.out"

Determining if the C compiler works passed with the following output:
Change Dir: /home/dowoncha/Documents/comp575_pa2/build/CMakeFiles/CMakeTmp

Run Build Command:"/usr/bin/make" "cmTryCompileExec3606756236/fast"
/usr/bin/make -f CMakeFiles/cmTryCompileExec3606756236.dir/build.make CMakeFiles/cmTryCompileExec3606756236.dir/build
make[1]: Entering directory `/home/dowoncha/Documents/comp575_pa2/build/CMakeFiles/CMakeTmp'
/usr/bin/cmake -E cmake_progress_report /home/dowoncha/Documents/comp575_pa2/build/CMakeFiles/CMakeTmp/CMakeFiles 1
Building C object CMakeFiles/cmTryCompileExec3606756236.dir/testCCompiler.c.o
/usr/bin/cc    -o CMakeFiles/cmTryCompileExec3606756236.dir/testCCompiler.c.o   -c /home/dowoncha/Documents/comp575_pa2/build/CMakeFiles/CMakeTmp/testCCompiler.c
Linking C executable cmTryCompileExec3606756236
/usr/bin/cmake -E cmake_link_script CMakeFiles/cmTryCompileExec3606756236.dir/link.txt --verbose=1
/usr/bin/cc       CMakeFiles/cmTryCompileExec3606756236.dir/testCCompiler.c.o  -o cmTryCompileExec3606756236 -rdynamic 
make[1]: Leaving directory `/home/dowoncha/Documents/comp575_pa2/build/CMakeFiles/CMakeTmp'


Detecting C compiler ABI info compiled with the following output:
Change Dir: /home/dowoncha/Documents/comp575_pa2/build/CMakeFiles/CMakeTmp

Run Build Command:"/usr/bin/make" "cmTryCompileExec1275431691/fast"
/usr/bin/make -f CMakeFiles/cmTryCompileExec1275431691.dir/build.make CMakeFiles/cmTryCompileExec1275431691.dir/build
make[1]: Entering directory `/home/dowoncha/Documents/comp575_pa2/build/CMakeFiles/CMakeTmp'
/usr/bin/cmake -E cmake_progress_report /home/dowoncha/Documents/comp575_pa2/build/CMakeFiles/CMakeTmp/CMakeFiles 1
Building C object CMakeFiles/cmTryCompileExec1275431691.dir/CMakeCCompilerABI.c.o
/usr/bin/cc    -o CMakeFiles/cmTryCompileExec1275431691.dir/CMakeCCompilerABI.c.o   -c /usr/share/cmake-3.2/Modules/CMakeCCompilerABI.c
Linking C executable cmTryCompileExec1275431691
/usr/bin/cmake -E cmake_link_script CMakeFiles/cmTryCompileExec1275431691.dir/link.txt --verbose=1
/usr/bin/cc      -v CMakeFiles/cmTryCompileExec1275431691.dir/CMakeCCompilerABI.c.o  -o cmTryCompileExec1275431691 -rdynamic  
Using built-in specs.
COLLECT_GCC=/usr/bin/cc
COLLECT_LTO_WRAPPER=/usr/lib/gcc/x86_64-linux-gnu/4.8/lto-wrapper
Target: x86_64-linux-gnu
Configured with: ../src/configure -v --with-pkgversion='Ubuntu 4.8.4-2ubuntu1~14.04.1' --with-bugurl=file:///usr/share/doc/gcc-4.8/README.Bugs --enable-languages=c,c++,java,go,d,fortran,objc,obj-c++ --prefix=/usr --program-suffix=-4.8 --enable-shared --enable-linker-build-id --libexecdir=/usr/lib --without-included-gettext --enable-threads=posix --with-gxx-include-dir=/usr/include/c++/4.8 --libdir=/usr/lib --enable-nls --with-sysroot=/ --enable-clocale=gnu --enable-libstdcxx-debug --enable-libstdcxx-time=yes --enable-gnu-unique-object --disable-libmudflap --enable-plugin --with-system-zlib --disable-browser-plugin --enable-java-awt=gtk --enable-gtk-cairo --with-java-home=/usr/lib/jvm/java-1.5.0-gcj-4.8-amd64/jre --enable-java-home --with-jvm-root-dir=/usr/lib/jvm/java-1.5.0-gcj-4.8-amd64 --with-jvm-jar-dir=/usr/lib/jvm-exports/java-1.5.0-gcj-4.8-amd64 --with-arch-directory=amd64 --with-ecj-jar=/usr/share/java/eclipse-ecj.jar --enable-objc-gc --enable-multiarch --disable-werror --with-arch-32=i686 --with-abi=m64 --with-multilib-list=m32,m64,mx32 --with-tune=generic --enable-checking=release --build=x86_64-linux-gnu --host=x86_64-linux-gnu --target=x86_64-linux-gnu
Thread model: posix
gcc version 4.8.4 (Ubuntu 4.8.4-2ubuntu1~14.04.1) 
COMPILER_PATH=/usr/lib/gcc/x86_64-linux-gnu/4.8/:/usr/lib/gcc/x86_64-linux-gnu/4.8/:/usr/lib/gcc/x86_64-linux-gnu/:/usr/lib/gcc/x86_64-linux-gnu/4.8/:/usr/lib/gcc/x86_64-linux-gnu/
LIBRARY_PATH=/usr/lib/gcc/x86_64-linux-gnu/4.8/:/usr/lib/gcc/x86_64-linux-gnu/4.8/../../../x86_64-linux-gnu/:/usr/lib/gcc/x86_64-linux-gnu/4.8/../../../../lib/:/lib/x86_64-linux-gnu/:/lib/../lib/:/usr/lib/x86_64-linux-gnu/:/usr/lib/../lib/:/usr/lib/gcc/x86_64-linux-gnu/4.8/../../../:/lib/:/usr/lib/
COLLECT_GCC_OPTIONS='-v' '-o' 'cmTryCompileExec1275431691' '-rdynamic' '-mtune=generic' '-march=x86-64'
 /usr/lib/gcc/x86_64-linux-gnu/4.8/collect2 --sysroot=/ --build-id --eh-frame-hdr -m elf_x86_64 --hash-style=gnu --as-needed -export-dynamic -dynamic-linker /lib64/ld-linux-x86-64.so.2 -z relro -o cmTryCompileExec1275431691 /usr/lib/gcc/x86_64-linux-gnu/4.8/../../../x86_64-linux-gnu/crt1.o /usr/lib/gcc/x86_64-linux-gnu/4.8/../../../x86_64-linux-gnu/crti.o /usr/lib/gcc/x86_64-linux-gnu/4.8/crtbegin.o -L/usr/lib/gcc/x86_64-linux-gnu/4.8 -L/usr/lib/gcc/x86_64-linux-gnu/4.8/../../../x86_64-linux-gnu -L/usr/lib/gcc/x86_64-linux-gnu/4.8/../../../../lib -L/lib/x86_64-linux-gnu -L/lib/../lib -L/usr/lib/x86_64-linux-gnu -L/usr/lib/../lib -L/usr/lib/gcc/x86_64-linux-gnu/4.8/../../.. CMakeFiles/cmTryCompileExec1275431691.dir/CMakeCCompilerABI.c.o -lgcc --as-needed -lgcc_s --no-as-needed -lc -lgcc --as-needed -lgcc_s --no-as-needed /usr/lib/gcc/x86_64-linux-gnu/4.8/crtend.o /usr/lib/gcc/x86_64-linux-gnu/4.8/../../../x86_64-linux-gnu/crtn.o
make[1]: Leaving directory `/home/dowoncha/Documents/comp575_pa2/build/CMakeFiles/CMakeTmp'


Parsed C implicit link information from above output:
  link line regex: [^( *|.*[/\])(ld|([^/\]+-)?ld|collect2)[^/\]*( |$)]
  ignore line: [Change Dir: /home/dowoncha/Documents/comp575_pa2/build/CMakeFiles/CMakeTmp]
  ignore line: []
  ignore line: [Run Build Command:"/usr/bin/make" "cmTryCompileExec1275431691/fast"]
  ignore line: [/usr/bin/make -f CMakeFiles/cmTryCompileExec1275431691.dir/build.make CMakeFiles/cmTryCompileExec1275431691.dir/build]
  ignore line: [make[1]: Entering directory `/home/dowoncha/Documents/comp575_pa2/build/CMakeFiles/CMakeTmp']
  ignore line: [/usr/bin/cmake -E cmake_progress_report /home/dowoncha/Documents/comp575_pa2/build/CMakeFiles/CMakeTmp/CMakeFiles 1]
  ignore line: [Building C object CMakeFiles/cmTryCompileExec1275431691.dir/CMakeCCompilerABI.c.o]
  ignore line: [/usr/bin/cc    -o CMakeFiles/cmTryCompileExec1275431691.dir/CMakeCCompilerABI.c.o   -c /usr/share/cmake-3.2/Modules/CMakeCCompilerABI.c]
  ignore line: [Linking C executable cmTryCompileExec1275431691]
  ignore line: [/usr/bin/cmake -E cmake_link_script CMakeFiles/cmTryCompileExec1275431691.dir/link.txt --verbose=1]
  ignore line: [/usr/bin/cc      -v CMakeFiles/cmTryCompileExec1275431691.dir/CMakeCCompilerABI.c.o  -o cmTryCompileExec1275431691 -rdynamic  ]
  ignore line: [Using built-in specs.]
  ignore line: [COLLECT_GCC=/usr/bin/cc]
  ignore line: [COLLECT_LTO_WRAPPER=/usr/lib/gcc/x86_64-linux-gnu/4.8/lto-wrapper]
  ignore line: [Target: x86_64-linux-gnu]
  ignore line: [Configured with: ../src/configure -v --with-pkgversion='Ubuntu 4.8.4-2ubuntu1~14.04.1' --with-bugurl=file:///usr/share/doc/gcc-4.8/README.Bugs --enable-languages=c,c++,java,go,d,fortran,objc,obj-c++ --prefix=/usr --program-suffix=-4.8 --enable-shared --enable-linker-build-id --libexecdir=/usr/lib --without-included-gettext --enable-threads=posix --with-gxx-include-dir=/usr/include/c++/4.8 --libdir=/usr/lib --enable-nls --with-sysroot=/ --enable-clocale=gnu --enable-libstdcxx-debug --enable-libstdcxx-time=yes --enable-gnu-unique-object --disable-libmudflap --enable-plugin --with-system-zlib --disable-browser-plugin --enable-java-awt=gtk --enable-gtk-cairo --with-java-home=/usr/lib/jvm/java-1.5.0-gcj-4.8-amd64/jre --enable-java-home --with-jvm-root-dir=/usr/lib/jvm/java-1.5.0-gcj-4.8-amd64 --with-jvm-jar-dir=/usr/lib/jvm-exports/java-1.5.0-gcj-4.8-amd64 --with-arch-directory=amd64 --with-ecj-jar=/usr/share/java/eclipse-ecj.jar --enable-objc-gc --enable-multiarch --disable-werror --with-arch-32=i686 --with-abi=m64 --with-multilib-list=m32,m64,mx32 --with-tune=generic --enable-checking=release --build=x86_64-linux-gnu --host=x86_64-linux-gnu --target=x86_64-linux-gnu]
  ignore line: [Thread model: posix]
  ignore line: [gcc version 4.8.4 (Ubuntu 4.8.4-2ubuntu1~14.04.1) ]
  ignore line: [COMPILER_PATH=/usr/lib/gcc/x86_64-linux-gnu/4.8/:/usr/lib/gcc/x86_64-linux-gnu/4.8/:/usr/lib/gcc/x86_64-linux-gnu/:/usr/lib/gcc/x86_64-linux-gnu/4.8/:/usr/lib/gcc/x86_64-linux-gnu/]
  ignore line: [LIBRARY_PATH=/usr/lib/gcc/x86_64-linux-gnu/4.8/:/usr/lib/gcc/x86_64-linux-gnu/4.8/../../../x86_64-linux-gnu/:/usr/lib/gcc/x86_64-linux-gnu/4.8/../../../../lib/:/lib/x86_64-linux-gnu/:/lib/../lib/:/usr/lib/x86_64-linux-gnu/:/usr/lib/../lib/:/usr/lib/gcc/x86_64-linux-gnu/4.8/../../../:/lib/:/usr/lib/]
  ignore line: [COLLECT_GCC_OPTIONS='-v' '-o' 'cmTryCompileExec1275431691' '-rdynamic' '-mtune=generic' '-march=x86-64']
  link line: [ /usr/lib/gcc/x86_64-linux-gnu/4.8/collect2 --sysroot=/ --build-id --eh-frame-hdr -m elf_x86_64 --hash-style=gnu --as-needed -export-dynamic -dynamic-linker /lib64/ld-linux-x86-64.so.2 -z relro -o cmTryCompileExec1275431691 /usr/lib/gcc/x86_64-linux-gnu/4.8/../../../x86_64-linux-gnu/crt1.o /usr/lib/gcc/x86_64-linux-gnu/4.8/../../../x86_64-linux-gnu/crti.o /usr/lib/gcc/x86_64-linux-gnu/4.8/crtbegin.o -L/usr/lib/gcc/x86_64-linux-gnu/4.8 -L/usr/lib/gcc/x86_64-linux-gnu/4.8/../../../x86_64-linux-gnu -L/usr/lib/gcc/x86_64-linux-gnu/4.8/../../../../lib -L/lib/x86_64-linux-gnu -L/lib/../lib -L/usr/lib/x86_64-linux-gnu -L/usr/lib/../lib -L/usr/lib/gcc/x86_64-linux-gnu/4.8/../../.. CMakeFiles/cmTryCompileExec1275431691.dir/CMakeCCompilerABI.c.o -lgcc --as-needed -lgcc_s --no-as-needed -lc -lgcc --as-needed -lgcc_s --no-as-needed /usr/lib/gcc/x86_64-linux-gnu/4.8/crtend.o /usr/lib/gcc/x86_64-linux-gnu/4.8/../../../x86_64-linux-gnu/crtn.o]
    arg [/usr/lib/gcc/x86_64-linux-gnu/4.8/collect2] ==> ignore
    arg [--sysroot=/] ==> ignore
    arg [--build-id] ==> ignore
    arg [--eh-frame-hdr] ==> ignore
    arg [-m] ==> ignore
    arg [elf_x86_64] ==> ignore
    arg [--hash-style=gnu] ==> ignore
    arg [--as-needed] ==> ignore
    arg [-export-dynamic] ==> ignore
    arg [-dynamic-linker] ==> ignore
    arg [/lib64/ld-linux-x86-64.so.2] ==> ignore
    arg [-zrelro] ==> ignore
    arg [-o] ==> ignore
    arg [cmTryCompileExec1275431691] ==> ignore
    arg [/usr/lib/gcc/x86_64-linux-gnu/4.8/../../../x86_64-linux-gnu/crt1.o] ==> ignore
    arg [/usr/lib/gcc/x86_64-linux-gnu/4.8/../../../x86_64-linux-gnu/crti.o] ==> ignore
    arg [/usr/lib/gcc/x86_64-linux-gnu/4.8/crtbegin.o] ==> ignore
    arg [-L/usr/lib/gcc/x86_64-linux-gnu/4.8] ==> dir [/usr/lib/gcc/x86_64-linux-gnu/4.8]
    arg [-L/usr/lib/gcc/x86_64-linux-gnu/4.8/../../../x86_64-linux-gnu] ==> dir [/usr/lib/gcc/x86_64-linux-gnu/4.8/../../../x86_64-linux-gnu]
    arg [-L/usr/lib/gcc/x86_64-linux-gnu/4.8/../../../../lib] ==> dir [/usr/lib/gcc/x86_64-linux-gnu/4.8/../../../../lib]
    arg [-L/lib/x86_64-linux-gnu] ==> dir [/lib/x86_64-linux-gnu]
    arg [-L/lib/../lib] ==> dir [/lib/../lib]
    arg [-L/usr/lib/x86_64-linux-gnu] ==> dir [/usr/lib/x86_64-linux-gnu]
    arg [-L/usr/lib/../lib] ==> dir [/usr/lib/../lib]
    arg [-L/usr/lib/gcc/x86_64-linux-gnu/4.8/../../..] ==> dir [/usr/lib/gcc/x86_64-linux-gnu/4.8/../../..]
    arg [CMakeFiles/cmTryCompileExec1275431691.dir/CMakeCCompilerABI.c.o] ==> ignore
    arg [-lgcc] ==> lib [gcc]
    arg [--as-needed] ==> ignore
    arg [-lgcc_s] ==> lib [gcc_s]
    arg [--no-as-needed] ==> ignore
    arg [-lc] ==> lib [c]
    arg [-lgcc] ==> lib [gcc]
    arg [--as-needed] ==> ignore
    arg [-lgcc_s] ==> lib [gcc_s]
    arg [--no-as-needed] ==> ignore
    arg [/usr/lib/gcc/x86_64-linux-gnu/4.8/crtend.o] ==> ignore
    arg [/usr/lib/gcc/x86_64-linux-gnu/4.8/../../../x86_64-linux-gnu/crtn.o] ==> ignore
  remove lib [gcc]
  remove lib [gcc_s]
  remove lib [gcc]
  remove lib [gcc_s]
  collapse library dir [/usr/lib/gcc/x86_64-linux-gnu/4.8] ==> [/usr/lib/gcc/x86_64-linux-gnu/4.8]
  collapse library dir [/usr/lib/gcc/x86_64-linux-gnu/4.8/../../../x86_64-linux-gnu] ==> [/usr/lib/x86_64-linux-gnu]
  collapse library dir [/usr/lib/gcc/x86_64-linux-gnu/4.8/../../../../lib] ==> [/usr/lib]
  collapse library dir [/lib/x86_64-linux-gnu] ==> [/lib/x86_64-linux-gnu]
  collapse library dir [/lib/../lib] ==> [/lib]
  collapse library dir [/usr/lib/x86_64-linux-gnu] ==> [/usr/lib/x86_64-linux-gnu]
  collapse library dir [/usr/lib/../lib] ==> [/usr/lib]
  collapse library dir [/usr/lib/gcc/x86_64-linux-gnu/4.8/../../..] ==> [/usr/lib]
  implicit libs: [c]
  implicit dirs: [/usr/lib/gcc/x86_64-linux-gnu/4.8;/usr/lib/x86_64-linux-gnu;/usr/lib;/lib/x86_64-linux-gnu;/lib]
  implicit fwks: []




Detecting C [-std=c11] compiler features compiled with the following output:
Change Dir: /home/dowoncha/Documents/comp575_pa2/build/CMakeFiles/CMakeTmp

Run Build Command:"/usr/bin/make" "cmTryCompileExec3271111733/fast"
/usr/bin/make -f CMakeFiles/cmTryCompileExec3271111733.dir/build.make CMakeFiles/cmTryCompileExec3271111733.dir/build
make[1]: Entering directory `/home/dowoncha/Documents/comp575_pa2/build/CMakeFiles/CMakeTmp'
/usr/bin/cmake -E cmake_progress_report /home/dowoncha/Documents/comp575_pa2/build/CMakeFiles/CMakeTmp/CMakeFiles 1
Building C object CMakeFiles/cmTryCompileExec3271111733.dir/feature_tests.c.o
/usr/bin/cc   -std=c11 -o CMakeFiles/cmTryCompileExec3271111733.dir/feature_tests.c.o   -c /home/dowoncha/Documents/comp575_pa2/build/CMakeFiles/feature_tests.c
Linking C executable cmTryCompileExec3271111733
/usr/bin/cmake -E cmake_link_script CMakeFiles/cmTryCompileExec3271111733.dir/link.txt --verbose=1
/usr/bin/cc       CMakeFiles/cmTryCompileExec3271111733.dir/feature_tests.c.o  -o cmTryCompileExec3271111733 -rdynamic 
make[1]: Leaving directory `/home/dowoncha/Documents/comp575_pa2/build/CMakeFiles/CMakeTmp'


    Feature record: C_FEATURE:1c_function_prototypes
    Feature record: C_FEATURE:1c_restrict
    Feature record: C_FEATURE:1c_static_assert
    Feature record: C_FEATURE:1c_variadic_macros


Detecting C [-std=c99] compiler features compiled with the following output:
Change Dir: /home/dowoncha/Documents/comp575_pa2/build/CMakeFiles/CMakeTmp

Run Build Command:"/usr/bin/make" "cmTryCompileExec1710578567/fast"
/usr/bin/make -f CMakeFiles/cmTryCompileExec1710578567.dir/build.make CMakeFiles/cmTryCompileExec1710578567.dir/build
make[1]: Entering directory `/home/dowoncha/Documents/comp575_pa2/build/CMakeFiles/CMakeTmp'
/usr/bin/cmake -E cmake_progress_report /home/dowoncha/Documents/comp575_pa2/build/CMakeFiles/CMakeTmp/CMakeFiles 1
Building C object CMakeFiles/cmTryCompileExec1710578567.dir/feature_tests.c.o
/usr/bin/cc   -std=c99 -o CMakeFiles/cmTryCompileExec1710578567.dir/feature_tests.c.o   -c /home/dowoncha/Documents/comp575_pa2/build/CMakeFiles/feature_tests.c
Linking C executable cmTryCompileExec1710578567
/usr/bin/cmake -E cmake_link_script CMakeFiles/cmTryCompileExec1710578567.dir/link.txt --verbose=1
/usr/bin/cc       CMakeFiles/cmTryCompileExec1710578567.dir/feature_tests.c.o  -o cmTryCompileExec1710578567 -rdynamic 
make[1]: Leaving directory `/home/dowoncha/Documents/comp575_pa2/build/CMakeFiles/CMakeTmp'


    Feature record: C_FEATURE:1c_function_prototypes
    Feature record: C_FEATURE:1c_restrict
    Feature record: C_FEATURE:0c_static_assert
    Feature record: C_FEATURE:1c_variadic_macros


Detecting C [-std=c90] compiler features compiled with the following output:
Change Dir: /home/dowoncha/Documents/comp575_pa2/build/CMakeFiles/CMakeTmp

Run Build Command:"/usr/bin/make" "cmTryCompileExec1443997392/fast"
/usr/bin/make -f CMakeFiles/cmTryCompileExec1443997392.dir/build.make CMakeFiles/cmTryCompileExec1443997392.dir/build
make[1]: Entering directory `/home/dowoncha/Documents/comp575_pa2/build/CMakeFiles/CMakeTmp'
/usr/bin/cmake -E cmake_progress_report /home/dowoncha/Documents/comp575_pa2/build/CMakeFiles/CMakeTmp/CMakeFiles 1
Building C object CMakeFiles/cmTryCompileExec1443997392.dir/feature_tests.c.o
/usr/bin/cc   -std=c90 -o CMakeFiles/cmTryCompileExec1443997392.dir/feature_tests.c.o   -c /home/dowoncha/Documents/comp575_pa2/build/CMakeFiles/feature_tests.c
Linking C executable cmTryCompileExec1443997392
/usr/bin/cmake -E cmake_link_script CMakeFiles/cmTryCompileExec1443997392.dir/link.txt --verbose=1
/usr/bin/cc       CMakeFiles/cmTryCompileExec1443997392.dir/feature_tests.c.o  -o cmTryCompileExec1443997392 -rdynamic 
make[1]: Leaving directory `/home/dowoncha/Documents/comp575_pa2/build/CMakeFiles/CMakeTmp'


    Feature record: C_FEATURE:1c_function_prototypes
    Feature record: C_FEATURE:0c_restrict
    Feature record: C_FEATURE:0c_static_assert
    Feature record: C_FEATURE:0c_variadic_macros
Determining if the CXX compiler works passed with the following output:
Change Dir: /home/dowoncha/Documents/comp575_pa2/build/CMakeFiles/CMakeTmp

Run Build Command:"/usr/bin/make" "cmTryCompileExec939391429/fast"
/usr/bin/make -f CMakeFiles/cmTryCompileExec939391429.dir/build.make CMakeFiles/cmTryCompileExec939391429.dir/build
make[1]: Entering directory `/home/dowoncha/Documents/comp575_pa2/build/CMakeFiles/CMakeTmp'
/usr/bin/cmake -E cmake_progress_report /home/dowoncha/Documents/comp575_pa2/build/CMakeFiles/CMakeTmp/CMakeFiles 1
Building CXX object CMakeFiles/cmTryCompileExec939391429.dir/testCXXCompiler.cxx.o
/usr/bin/c++     -o CMakeFiles/cmTryCompileExec939391429.dir/testCXXCompiler.cxx.o -c /home/dowoncha/Documents/comp575_pa2/build/CMakeFiles/CMakeTmp/testCXXCompiler.cxx
Linking CXX executable cmTryCompileExec939391429
/usr/bin/cmake -E cmake_link_script CMakeFiles/cmTryCompileExec939391429.dir/link.txt --verbose=1
/usr/bin/c++        CMakeFiles/cmTryCompileExec939391429.dir/testCXXCompiler.cxx.o  -o cmTryCompileExec939391429 -rdynamic 
make[1]: Leaving directory `/home/dowoncha/Documents/comp575_pa2/build/CMakeFiles/CMakeTmp'


Detecting CXX compiler ABI info compiled with the following output:
Change Dir: /home/dowoncha/Documents/comp575_pa2/build/CMakeFiles/CMakeTmp

Run Build Command:"/usr/bin/make" "cmTryCompileExec1658694675/fast"
/usr/bin/make -f CMakeFiles/cmTryCompileExec1658694675.dir/build.make CMakeFiles/cmTryCompileExec1658694675.dir/build
make[1]: Entering directory `/home/dowoncha/Documents/comp575_pa2/build/CMakeFiles/CMakeTmp'
/usr/bin/cmake -E cmake_progress_report /home/dowoncha/Documents/comp575_pa2/build/CMakeFiles/CMakeTmp/CMakeFiles 1
Building CXX object CMakeFiles/cmTryCompileExec1658694675.dir/CMakeCXXCompilerABI.cpp.o
/usr/bin/c++     -o CMakeFiles/cmTryCompileExec1658694675.dir/CMakeCXXCompilerABI.cpp.o -c /usr/share/cmake-3.2/Modules/CMakeCXXCompilerABI.cpp
Linking CXX executable cmTryCompileExec1658694675
/usr/bin/cmake -E cmake_link_script CMakeFiles/cmTryCompileExec1658694675.dir/link.txt --verbose=1
/usr/bin/c++       -v CMakeFiles/cmTryCompileExec1658694675.dir/CMakeCXXCompilerABI.cpp.o  -o cmTryCompileExec1658694675 -rdynamic  
Using built-in specs.
COLLECT_GCC=/usr/bin/c++
COLLECT_LTO_WRAPPER=/usr/lib/gcc/x86_64-linux-gnu/4.8/lto-wrapper
Target: x86_64-linux-gnu
Configured with: ../src/configure -v --with-pkgversion='Ubuntu 4.8.4-2ubuntu1~14.04.1' --with-bugurl=file:///usr/share/doc/gcc-4.8/README.Bugs --enable-languages=c,c++,java,go,d,fortran,objc,obj-c++ --prefix=/usr --program-suffix=-4.8 --enable-shared --enable-linker-build-id --libexecdir=/usr/lib --without-included-gettext --enable-threads=posix --with-gxx-include-dir=/usr/include/c++/4.8 --libdir=/usr/lib --enable-nls --with-sysroot=/ --enable-clocale=gnu --enable-libstdcxx-debug --enable-libstdcxx-time=yes --enable-gnu-unique-object --disable-libmudflap --enable-plugin --with-system-zlib --disable-browser-plugin --enable-java-awt=gtk --enable-gtk-cairo --with-java-home=/usr/lib/jvm/java-1.5.0-gcj-4.8-amd64/jre --enable-java-home --with-jvm-root-dir=/usr/lib/jvm/java-1.5.0-gcj-4.8-amd64 --with-jvm-jar-dir=/usr/lib/jvm-exports/java-1.5.0-gcj-4.8-amd64 --with-arch-directory=amd64 --with-ecj-jar=/usr/share/java/eclipse-ecj.jar --enable-objc-gc --enable-multiarch --disable-werror --with-arch-32=i686 --with-abi=m64 --with-multilib-list=m32,m64,mx32 --with-tune=generic --enable-checking=release --build=x86_64-linux-gnu --host=x86_64-linux-gnu --target=x86_64-linux-gnu
Thread model: posix
gcc version 4.8.4 (Ubuntu 4.8.4-2ubuntu1~14.04.1) 
COMPILER_PATH=/usr/lib/gcc/x86_64-linux-gnu/4.8/:/usr/lib/gcc/x86_64-linux-gnu/4.8/:/usr/lib/gcc/x86_64-linux-gnu/:/usr/lib/gcc/x86_64-linux-gnu/4.8/:/usr/lib/gcc/x86_64-linux-gnu/
LIBRARY_PATH=/usr/lib/gcc/x86_64-linux-gnu/4.8/:/usr/lib/gcc/x86_64-linux-gnu/4.8/../../../x86_64-linux-gnu/:/usr/lib/gcc/x86_64-linux-gnu/4.8/../../../../lib/:/lib/x86_64-linux-gnu/:/lib/../lib/:/usr/lib/x86_64-linux-gnu/:/usr/lib/../lib/:/usr/lib/gcc/x86_64-linux-gnu/4.8/../../../:/lib/:/usr/lib/
COLLECT_GCC_OPTIONS='-v' '-o' 'cmTryCompileExec1658694675' '-rdynamic' '-shared-libgcc' '-mtune=generic' '-march=x86-64'
 /usr/lib/gcc/x86_64-linux-gnu/4.8/collect2 --sysroot=/ --build-id --eh-frame-hdr -m elf_x86_64 --hash-style=gnu --as-needed -export-dynamic -dynamic-linker /lib64/ld-linux-x86-64.so.2 -z relro -o cmTryCompileExec1658694675 /usr/lib/gcc/x86_64-linux-gnu/4.8/../../../x86_64-linux-gnu/crt1.o /usr/lib/gcc/x86_64-linux-gnu/4.8/../../../x86_64-linux-gnu/crti.o /usr/lib/gcc/x86_64-linux-gnu/4.8/crtbegin.o -L/usr/lib/gcc/x86_64-linux-gnu/4.8 -L/usr/lib/gcc/x86_64-linux-gnu/4.8/../../../x86_64-linux-gnu -L/usr/lib/gcc/x86_64-linux-gnu/4.8/../../../../lib -L/lib/x86_64-linux-gnu -L/lib/../lib -L/usr/lib/x86_64-linux-gnu -L/usr/lib/../lib -L/usr/lib/gcc/x86_64-linux-gnu/4.8/../../.. CMakeFiles/cmTryCompileExec1658694675.dir/CMakeCXXCompilerABI.cpp.o -lstdc++ -lm -lgcc_s -lgcc -lc -lgcc_s -lgcc /usr/lib/gcc/x86_64-linux-gnu/4.8/crtend.o /usr/lib/gcc/x86_64-linux-gnu/4.8/../../../x86_64-linux-gnu/crtn.o
make[1]: Leaving directory `/home/dowoncha/Documents/comp575_pa2/build/CMakeFiles/CMakeTmp'


Parsed CXX implicit link information from above output:
  link line regex: [^( *|.*[/\])(ld|([^/\]+-)?ld|collect2)[^/\]*( |$)]
  ignore line: [Change Dir: /home/dowoncha/Documents/comp575_pa2/build/CMakeFiles/CMakeTmp]
  ignore line: []
  ignore line: [Run Build Command:"/usr/bin/make" "cmTryCompileExec1658694675/fast"]
  ignore line: [/usr/bin/make -f CMakeFiles/cmTryCompileExec1658694675.dir/build.make CMakeFiles/cmTryCompileExec1658694675.dir/build]
  ignore line: [make[1]: Entering directory `/home/dowoncha/Documents/comp575_pa2/build/CMakeFiles/CMakeTmp']
  ignore line: [/usr/bin/cmake -E cmake_progress_report /home/dowoncha/Documents/comp575_pa2/build/CMakeFiles/CMakeTmp/CMakeFiles 1]
  ignore line: [Building CXX object CMakeFiles/cmTryCompileExec1658694675.dir/CMakeCXXCompilerABI.cpp.o]
  ignore line: [/usr/bin/c++     -o CMakeFiles/cmTryCompileExec1658694675.dir/CMakeCXXCompilerABI.cpp.o -c /usr/share/cmake-3.2/Modules/CMakeCXXCompilerABI.cpp]
  ignore line: [Linking CXX executable cmTryCompileExec1658694675]
  ignore line: [/usr/bin/cmake -E cmake_link_script CMakeFiles/cmTryCompileExec1658694675.dir/link.txt --verbose=1]
  ignore line: [/usr/bin/c++       -v CMakeFiles/cmTryCompileExec1658694675.dir/CMakeCXXCompilerABI.cpp.o  -o cmTryCompileExec1658694675 -rdynamic  ]
  ignore line: [Using built-in specs.]
  ignore line: [COLLECT_GCC=/usr/bin/c++]
  ignore line: [COLLECT_LTO_WRAPPER=/usr/lib/gcc/x86_64-linux-gnu/4.8/lto-wrapper]
  ignore line: [Target: x86_64-linux-gnu]
  ignore line: [Configured with: ../src/configure -v --with-pkgversion='Ubuntu 4.8.4-2ubuntu1~14.04.1' --with-bugurl=file:///usr/share/doc/gcc-4.8/README.Bugs --enable-languages=c,c++,java,go,d,fortran,objc,obj-c++ --prefix=/usr --program-suffix=-4.8 --enable-shared --enable-linker-build-id --libexecdir=/usr/lib --without-included-gettext --enable-threads=posix --with-gxx-include-dir=/usr/include/c++/4.8 --libdir=/usr/lib --enable-nls --with-sysroot=/ --enable-clocale=gnu --enable-libstdcxx-debug --enable-libstdcxx-time=yes --enable-gnu-unique-object --disable-libmudflap --enable-plugin --with-system-zlib --disable-browser-plugin --enable-java-awt=gtk --enable-gtk-cairo --with-java-home=/usr/lib/jvm/java-1.5.0-gcj-4.8-amd64/jre --enable-java-home --with-jvm-root-dir=/usr/lib/jvm/java-1.5.0-gcj-4.8-amd64 --with-jvm-jar-dir=/usr/lib/jvm-exports/java-1.5.0-gcj-4.8-amd64 --with-arch-directory=amd64 --with-ecj-jar=/usr/share/java/eclipse-ecj.jar --enable-objc-gc --enable-multiarch --disable-werror --with-arch-32=i686 --with-abi=m64 --with-multilib-list=m32,m64,mx32 --with-tune=generic --enable-checking=release --build=x86_64-linux-gnu --host=x86_64-linux-gnu --target=x86_64-linux-gnu]
  ignore line: [Thread model: posix]
  ignore line: [gcc version 4.8.4 (Ubuntu 4.8.4-2ubuntu1~14.04.1) ]
  ignore line: [COMPILER_PATH=/usr/lib/gcc/x86_64-linux-gnu/4.8/:/usr/lib/gcc/x86_64-linux-gnu/4.8/:/usr/lib/gcc/x86_64-linux-gnu/:/usr/lib/gcc/x86_64-linux-gnu/4.8/:/usr/lib/gcc/x86_64-linux-gnu/]
  ignore line: [LIBRARY_PATH=/usr/lib/gcc/x86_64-linux-gnu/4.8/:/usr/lib/gcc/x86_64-linux-gnu/4.8/../../../x86_64-linux-gnu/:/usr/lib/gcc/x86_64-linux-gnu/4.8/../../../../lib/:/lib/x86_64-linux-gnu/:/lib/../lib/:/usr/lib/x86_64-linux-gnu/:/usr/lib/../lib/:/usr/lib/gcc/x86_64-linux-gnu/4.8/../../../:/lib/:/usr/lib/]
  ignore line: [COLLECT_GCC_OPTIONS='-v' '-o' 'cmTryCompileExec1658694675' '-rdynamic' '-shared-libgcc' '-mtune=generic' '-march=x86-64']
  link line: [ /usr/lib/gcc/x86_64-linux-gnu/4.8/collect2 --sysroot=/ --build-id --eh-frame-hdr -m elf_x86_64 --hash-style=gnu --as-needed -export-dynamic -dynamic-linker /lib64/ld-linux-x86-64.so.2 -z relro -o cmTryCompileExec1658694675 /usr/lib/gcc/x86_64-linux-gnu/4.8/../../../x86_64-linux-gnu/crt1.o /usr/lib/gcc/x86_64-linux-gnu/4.8/../../../x86_64-linux-gnu/crti.o /usr/lib/gcc/x86_64-linux-gnu/4.8/crtbegin.o -L/usr/lib/gcc/x86_64-linux-gnu/4.8 -L/usr/lib/gcc/x86_64-linux-gnu/4.8/../../../x86_64-linux-gnu -L/usr/lib/gcc/x86_64-linux-gnu/4.8/../../../../lib -L/lib/x86_64-linux-gnu -L/lib/../lib -L/usr/lib/x86_64-linux-gnu -L/usr/lib/../lib -L/usr/lib/gcc/x86_64-linux-gnu/4.8/../../.. CMakeFiles/cmTryCompileExec1658694675.dir/CMakeCXXCompilerABI.cpp.o -lstdc++ -lm -lgcc_s -lgcc -lc -lgcc_s -lgcc /usr/lib/gcc/x86_64-linux-gnu/4.8/crtend.o /usr/lib/gcc/x86_64-linux-gnu/4.8/../../../x86_64-linux-gnu/crtn.o]
    arg [/usr/lib/gcc/x86_64-linux-gnu/4.8/collect2] ==> ignore
    arg [--sysroot=/] ==> ignore
    arg [--build-id] ==> ignore
    arg [--eh-frame-hdr] ==> ignore
    arg [-m] ==> ignore
    arg [elf_x86_64] ==> ignore
    arg [--hash-style=gnu] ==> ignore
    arg [--as-needed] ==> ignore
    arg [-export-dynamic] ==> ignore
    arg [-dynamic-linker] ==> ignore
    arg [/lib64/ld-linux-x86-64.so.2] ==> ignore
    arg [-zrelro] ==> ignore
    arg [-o] ==> ignore
    arg [cmTryCompileExec1658694675] ==> ignore
    arg [/usr/lib/gcc/x86_64-linux-gnu/4.8/../../../x86_64-linux-gnu/crt1.o] ==> ignore
    arg [/usr/lib/gcc/x86_64-linux-gnu/4.8/../../../x86_64-linux-gnu/crti.o] ==> ignore
    arg [/usr/lib/gcc/x86_64-linux-gnu/4.8/crtbegin.o] ==> ignore
    arg [-L/usr/lib/gcc/x86_64-linux-gnu/4.8] ==> dir [/usr/lib/gcc/x86_64-linux-gnu/4.8]
    arg [-L/usr/lib/gcc/x86_64-linux-gnu/4.8/../../../x86_64-linux-gnu] ==> dir [/usr/lib/gcc/x86_64-linux-gnu/4.8/../../../x86_64-linux-gnu]
    arg [-L/usr/lib/gcc/x86_64-linux-gnu/4.8/../../../../lib] ==> dir [/usr/lib/gcc/x86_64-linux-gnu/4.8/../../../../lib]
    arg [-L/lib/x86_64-linux-gnu] ==> dir [/lib/x86_64-linux-gnu]
    arg [-L/lib/../lib] ==> dir [/lib/../lib]
    arg [-L/usr/lib/x86_64-linux-gnu] ==> dir [/usr/lib/x86_64-linux-gnu]
    arg [-L/usr/lib/../lib] ==> dir [/usr/lib/../lib]
    arg [-L/usr/lib/gcc/x86_64-linux-gnu/4.8/../../..] ==> dir [/usr/lib/gcc/x86_64-linux-gnu/4.8/../../..]
    arg [CMakeFiles/cmTryCompileExec1658694675.dir/CMakeCXXCompilerABI.cpp.o] ==> ignore
    arg [-lstdc++] ==> lib [stdc++]
    arg [-lm] ==> lib [m]
    arg [-lgcc_s] ==> lib [gcc_s]
    arg [-lgcc] ==> lib [gcc]
    arg [-lc] ==> lib [c]
    arg [-lgcc_s] ==> lib [gcc_s]
    arg [-lgcc] ==> lib [gcc]
    arg [/usr/lib/gcc/x86_64-linux-gnu/4.8/crtend.o] ==> ignore
    arg [/usr/lib/gcc/x86_64-linux-gnu/4.8/../../../x86_64-linux-gnu/crtn.o] ==> ignore
  remove lib [gcc_s]
  remove lib [gcc]
  remove lib [gcc_s]
  remove lib [gcc]
  collapse library dir [/usr/lib/gcc/x86_64-linux-gnu/4.8] ==> [/usr/lib/gcc/x86_64-linux-gnu/4.8]
  collapse library dir [/usr/lib/gcc/x86_64-linux-gnu/4.8/../../../x86_64-linux-gnu] ==> [/usr/lib/x86_64-linux-gnu]
  collapse library dir [/usr/lib/gcc/x86_64-linux-gnu/4.8/../../../../lib] ==> [/usr/lib]
  collapse library dir [/lib/x86_64-linux-gnu] ==> [/lib/x86_64-linux-gnu]
  collapse library dir [/lib/../lib] ==> [/lib]
  collapse library dir [/usr/lib/x86_64-linux-gnu] ==> [/usr/lib/x86_64-linux-gnu]
  collapse library dir [/usr/lib/../lib] ==> [/usr/lib]
  collapse library dir [/usr/lib/gcc/x86_64-linux-gnu/4.8/../../..] ==> [/usr/lib]
  implicit libs: [stdc++;m;c]
  implicit dirs: [/usr/lib/gcc/x86_64-linux-gnu/4.8;/usr/lib/x86_64-linux-gnu;/usr/lib;/lib/x86_64-linux-gnu;/lib]
  implicit fwks: []




Detecting CXX [-std=c++1y] compiler features compiled with the following output:
Change Dir: /home/dowoncha/Documents/comp575_pa2/build/CMakeFiles/CMakeTmp

Run Build Command:"/usr/bin/make" "cmTryCompileExec1266043216/fast"
/usr/bin/make -f CMakeFiles/cmTryCompileExec1266043216.dir/build.make CMakeFiles/cmTryCompileExec1266043216.dir/build
make[1]: Entering directory `/home/dowoncha/Documents/comp575_pa2/build/CMakeFiles/CMakeTmp'
/usr/bin/cmake -E cmake_progress_report /home/dowoncha/Documents/comp575_pa2/build/CMakeFiles/CMakeTmp/CMakeFiles 1
Building CXX object CMakeFiles/cmTryCompileExec1266043216.dir/feature_tests.cxx.o
/usr/bin/c++    -std=c++1y -o CMakeFiles/cmTryCompileExec1266043216.dir/feature_tests.cxx.o -c /home/dowoncha/Documents/comp575_pa2/build/CMakeFiles/feature_tests.cxx
Linking CXX executable cmTryCompileExec1266043216
/usr/bin/cmake -E cmake_link_script CMakeFiles/cmTryCompileExec1266043216.dir/link.txt --verbose=1
/usr/bin/c++        CMakeFiles/cmTryCompileExec1266043216.dir/feature_tests.cxx.o  -o cmTryCompileExec1266043216 -rdynamic 
make[1]: Leaving directory `/home/dowoncha/Documents/comp575_pa2/build/CMakeFiles/CMakeTmp'


    Feature record: CXX_FEATURE:0cxx_aggregate_default_initializers
    Feature record: CXX_FEATURE:1cxx_alias_templates
    Feature record: CXX_FEATURE:1cxx_alignas
    Feature record: CXX_FEATURE:1cxx_alignof
    Feature record: CXX_FEATURE:1cxx_attributes
    Feature record: CXX_FEATURE:0cxx_attribute_deprecated
    Feature record: CXX_FEATURE:1cxx_auto_type
    Feature record: CXX_FEATURE:0cxx_binary_literals
    Feature record: CXX_FEATURE:1cxx_constexpr
    Feature record: CXX_FEATURE:0cxx_contextual_conversions
    Feature record: CXX_FEATURE:1cxx_decltype
    Feature record: CXX_FEATURE:0cxx_decltype_auto
    Feature record: CXX_FEATURE:1cxx_decltype_incomplete_return_types
    Feature record: CXX_FEATURE:1cxx_default_function_template_args
    Feature record: CXX_FEATURE:1cxx_defaulted_functions
    Feature record: CXX_FEATURE:1cxx_defaulted_move_initializers
    Feature record: CXX_FEATURE:1cxx_delegating_constructors
    Feature record: CXX_FEATURE:1cxx_deleted_functions
    Feature record: CXX_FEATURE:0cxx_digit_separators
    Feature record: CXX_FEATURE:1cxx_enum_forward_declarations
    Feature record: CXX_FEATURE:1cxx_explicit_conversions
    Feature record: CXX_FEATURE:1cxx_extended_friend_declarations
    Feature record: CXX_FEATURE:1cxx_extern_templates
    Feature record: CXX_FEATURE:1cxx_final
    Feature record: CXX_FEATURE:1cxx_func_identifier
    Feature record: CXX_FEATURE:1cxx_generalized_initializers
    Feature record: CXX_FEATURE:0cxx_generic_lambdas
    Feature record: CXX_FEATURE:1cxx_inheriting_constructors
    Feature record: CXX_FEATURE:1cxx_inline_namespaces
    Feature record: CXX_FEATURE:1cxx_lambdas
    Feature record: CXX_FEATURE:0cxx_lambda_init_captures
    Feature record: CXX_FEATURE:1cxx_local_type_template_args
    Feature record: CXX_FEATURE:1cxx_long_long_type
    Feature record: CXX_FEATURE:1cxx_noexcept
    Feature record: CXX_FEATURE:1cxx_nonstatic_member_init
    Feature record: CXX_FEATURE:1cxx_nullptr
    Feature record: CXX_FEATURE:1cxx_override
    Feature record: CXX_FEATURE:1cxx_range_for
    Feature record: CXX_FEATURE:1cxx_raw_string_literals
    Feature record: CXX_FEATURE:1cxx_reference_qualified_functions
    Feature record: CXX_FEATURE:0cxx_relaxed_constexpr
    Feature record: CXX_FEATURE:0cxx_return_type_deduction
    Feature record: CXX_FEATURE:1cxx_right_angle_brackets
    Feature record: CXX_FEATURE:1cxx_rvalue_references
    Feature record: CXX_FEATURE:1cxx_sizeof_member
    Feature record: CXX_FEATURE:1cxx_static_assert
    Feature record: CXX_FEATURE:1cxx_strong_enums
    Feature record: CXX_FEATURE:1cxx_template_template_parameters
    Feature record: CXX_FEATURE:1cxx_thread_local
    Feature record: CXX_FEATURE:1cxx_trailing_return_types
    Feature record: CXX_FEATURE:1cxx_unicode_literals
    Feature record: CXX_FEATURE:1cxx_uniform_initialization
    Feature record: CXX_FEATURE:1cxx_unrestricted_unions
    Feature record: CXX_FEATURE:1cxx_user_literals
    Feature record: CXX_FEATURE:0cxx_variable_templates
    Feature record: CXX_FEATURE:1cxx_variadic_macros
    Feature record: CXX_FEATURE:1cxx_variadic_templates


Detecting CXX [-std=c++11] compiler features compiled with the following output:
Change Dir: /home/dowoncha/Documents/comp575_pa2/build/CMakeFiles/CMakeTmp

Run Build Command:"/usr/bin/make" "cmTryCompileExec3615034025/fast"
/usr/bin/make -f CMakeFiles/cmTryCompileExec3615034025.dir/build.make CMakeFiles/cmTryCompileExec3615034025.dir/build
make[1]: Entering directory `/home/dowoncha/Documents/comp575_pa2/build/CMakeFiles/CMakeTmp'
/usr/bin/cmake -E cmake_progress_report /home/dowoncha/Documents/comp575_pa2/build/CMakeFiles/CMakeTmp/CMakeFiles 1
Building CXX object CMakeFiles/cmTryCompileExec3615034025.dir/feature_tests.cxx.o
/usr/bin/c++    -std=c++11 -o CMakeFiles/cmTryCompileExec3615034025.dir/feature_tests.cxx.o -c /home/dowoncha/Documents/comp575_pa2/build/CMakeFiles/feature_tests.cxx
Linking CXX executable cmTryCompileExec3615034025
/usr/bin/cmake -E cmake_link_script CMakeFiles/cmTryCompileExec3615034025.dir/link.txt --verbose=1
/usr/bin/c++        CMakeFiles/cmTryCompileExec3615034025.dir/feature_tests.cxx.o  -o cmTryCompileExec3615034025 -rdynamic 
make[1]: Leaving directory `/home/dowoncha/Documents/comp575_pa2/build/CMakeFiles/CMakeTmp'


    Feature record: CXX_FEATURE:0cxx_aggregate_default_initializers
    Feature record: CXX_FEATURE:1cxx_alias_templates
    Feature record: CXX_FEATURE:1cxx_alignas
    Feature record: CXX_FEATURE:1cxx_alignof
    Feature record: CXX_FEATURE:1cxx_attributes
    Feature record: CXX_FEATURE:0cxx_attribute_deprecated
    Feature record: CXX_FEATURE:1cxx_auto_type
    Feature record: CXX_FEATURE:0cxx_binary_literals
    Feature record: CXX_FEATURE:1cxx_constexpr
    Feature record: CXX_FEATURE:0cxx_contextual_conversions
    Feature record: CXX_FEATURE:1cxx_decltype
    Feature record: CXX_FEATURE:0cxx_decltype_auto
    Feature record: CXX_FEATURE:1cxx_decltype_incomplete_return_types
    Feature record: CXX_FEATURE:1cxx_default_function_template_args
    Feature record: CXX_FEATURE:1cxx_defaulted_functions
    Feature record: CXX_FEATURE:1cxx_defaulted_move_initializers
    Feature record: CXX_FEATURE:1cxx_delegating_constructors
    Feature record: CXX_FEATURE:1cxx_deleted_functions
    Feature record: CXX_FEATURE:0cxx_digit_separators
    Feature record: CXX_FEATURE:1cxx_enum_forward_declarations
    Feature record: CXX_FEATURE:1cxx_explicit_conversions
    Feature record: CXX_FEATURE:1cxx_extended_friend_declarations
    Feature record: CXX_FEATURE:1cxx_extern_templates
    Feature record: CXX_FEATURE:1cxx_final
    Feature record: CXX_FEATURE:1cxx_func_identifier
    Feature record: CXX_FEATURE:1cxx_generalized_initializers
    Feature record: CXX_FEATURE:0cxx_generic_lambdas
    Feature record: CXX_FEATURE:1cxx_inheriting_constructors
    Feature record: CXX_FEATURE:1cxx_inline_namespaces
    Feature record: CXX_FEATURE:1cxx_lambdas
    Feature record: CXX_FEATURE:0cxx_lambda_init_captures
    Feature record: CXX_FEATURE:1cxx_local_type_template_args
    Feature record: CXX_FEATURE:1cxx_long_long_type
    Feature record: CXX_FEATURE:1cxx_noexcept
    Feature record: CXX_FEATURE:1cxx_nonstatic_member_init
    Feature record: CXX_FEATURE:1cxx_nullptr
    Feature record: CXX_FEATURE:1cxx_override
    Feature record: CXX_FEATURE:1cxx_range_for
    Feature record: CXX_FEATURE:1cxx_raw_string_literals
    Feature record: CXX_FEATURE:1cxx_reference_qualified_functions
    Feature record: CXX_FEATURE:0cxx_relaxed_constexpr
    Feature record: CXX_FEATURE:0cxx_return_type_deduction
    Feature record: CXX_FEATURE:1cxx_right_angle_brackets
    Feature record: CXX_FEATURE:1cxx_rvalue_references
    Feature record: CXX_FEATURE:1cxx_sizeof_member
    Feature record: CXX_FEATURE:1cxx_static_assert
    Feature record: CXX_FEATURE:1cxx_strong_enums
    Feature record: CXX_FEATURE:1cxx_template_template_parameters
    Feature record: CXX_FEATURE:1cxx_thread_local
    Feature record: CXX_FEATURE:1cxx_trailing_return_types
    Feature record: CXX_FEATURE:1cxx_unicode_literals
    Feature record: CXX_FEATURE:1cxx_uniform_initialization
    Feature record: CXX_FEATURE:1cxx_unrestricted_unions
    Feature record: CXX_FEATURE:1cxx_user_literals
    Feature record: CXX_FEATURE:0cxx_variable_templates
    Feature record: CXX_FEATURE:1cxx_variadic_macros
    Feature record: CXX_FEATURE:1cxx_variadic_templates


Detecting CXX [-std=c++98] compiler features compiled with the following output:
Change Dir: /home/dowoncha/Documents/comp575_pa2/build/CMakeFiles/CMakeTmp

Run Build Command:"/usr/bin/make" "cmTryCompileExec380422697/fast"
/usr/bin/make -f CMakeFiles/cmTryCompileExec380422697.dir/build.make CMakeFiles/cmTryCompileExec380422697.dir/build
make[1]: Entering directory `/home/dowoncha/Documents/comp575_pa2/build/CMakeFiles/CMakeTmp'
/usr/bin/cmake -E cmake_progress_report /home/dowoncha/Documents/comp575_pa2/build/CMakeFiles/CMakeTmp/CMakeFiles 1
Building CXX object CMakeFiles/cmTryCompileExec380422697.dir/feature_tests.cxx.o
/usr/bin/c++    -std=c++98 -o CMakeFiles/cmTryCompileExec380422697.dir/feature_tests.cxx.o -c /home/dowoncha/Documents/comp575_pa2/build/CMakeFiles/feature_tests.cxx
Linking CXX executable cmTryCompileExec380422697
/usr/bin/cmake -E cmake_link_script CMakeFiles/cmTryCompileExec380422697.dir/link.txt --verbose=1
/usr/bin/c++        CMakeFiles/cmTryCompileExec380422697.dir/feature_tests.cxx.o  -o cmTryCompileExec380422697 -rdynamic 
make[1]: Leaving directory `/home/dowoncha/Documents/comp575_pa2/build/CMakeFiles/CMakeTmp'


    Feature record: CXX_FEATURE:0cxx_aggregate_default_initializers
    Feature record: CXX_FEATURE:0cxx_alias_templates
    Feature record: CXX_FEATURE:0cxx_alignas
    Feature record: CXX_FEATURE:0cxx_alignof
    Feature record: CXX_FEATURE:0cxx_attributes
    Feature record: CXX_FEATURE:0cxx_attribute_deprecated
    Feature record: CXX_FEATURE:0cxx_auto_type
    Feature record: CXX_FEATURE:0cxx_binary_literals
    Feature record: CXX_FEATURE:0cxx_constexpr
    Feature record: CXX_FEATURE:0cxx_contextual_conversions
    Feature record: CXX_FEATURE:0cxx_decltype
    Feature record: CXX_FEATURE:0cxx_decltype_auto
    Feature record: CXX_FEATURE:0cxx_decltype_incomplete_return_types
    Feature record: CXX_FEATURE:0cxx_default_function_template_args
    Feature record: CXX_FEATURE:0cxx_defaulted_functions
    Feature record: CXX_FEATURE:0cxx_defaulted_move_initializers
    Feature record: CXX_FEATURE:0cxx_delegating_constructors
    Feature record: CXX_FEATURE:0cxx_deleted_functions
    Feature record: CXX_FEATURE:0cxx_digit_separators
    Feature record: CXX_FEATURE:0cxx_enum_forward_declarations
    Feature record: CXX_FEATURE:0cxx_explicit_conversions
    Feature record: CXX_FEATURE:0cxx_extended_friend_declarations
    Feature record: CXX_FEATURE:0cxx_extern_templates
    Feature record: CXX_FEATURE:0cxx_final
    Feature record: CXX_FEATURE:0cxx_func_identifier
    Feature record: CXX_FEATURE:0cxx_generalized_initializers
    Feature record: CXX_FEATURE:0cxx_generic_lambdas
    Feature record: CXX_FEATURE:0cxx_inheriting_constructors
    Feature record: CXX_FEATURE:0cxx_inline_namespaces
    Feature record: CXX_FEATURE:0cxx_lambdas
    Feature record: CXX_FEATURE:0cxx_lambda_init_captures
    Feature record: CXX_FEATURE:0cxx_local_type_template_args
    Feature record: CXX_FEATURE:0cxx_long_long_type
    Feature record: CXX_FEATURE:0cxx_noexcept
    Feature record: CXX_FEATURE:0cxx_nonstatic_member_init
    Feature record: CXX_FEATURE:0cxx_nullptr
    Feature record: CXX_FEATURE:0cxx_override
    Feature record: CXX_FEATURE:0cxx_range_for
    Feature record: CXX_FEATURE:0cxx_raw_string_literals
    Feature record: CXX_FEATURE:0cxx_reference_qualified_functions
    Feature record: CXX_FEATURE:0cxx_relaxed_constexpr
    Feature record: CXX_FEATURE:0cxx_return_type_deduction
    Feature record: CXX_FEATURE:0cxx_right_angle_brackets
    Feature record: CXX_FEATURE:0cxx_rvalue_references
    Feature record: CXX_FEATURE:0cxx_sizeof_member
    Feature record: CXX_FEATURE:0cxx_static_assert
    Feature record: CXX_FEATURE:0cxx_strong_enums
    Feature record: CXX_FEATURE:1cxx_template_template_parameters
    Feature record: CXX_FEATURE:0cxx_thread_local
    Feature record: CXX_FEATURE:0cxx_trailing_return_types
    Feature record: CXX_FEATURE:0cxx_unicode_literals
    Feature record: CXX_FEATURE:0cxx_uniform_initialization
    Feature record: CXX_FEATURE:0cxx_unrestricted_unions
    Feature record: CXX_FEATURE:0cxx_user_literals
    Feature record: CXX_FEATURE:0cxx_variable_templates
    Feature record: CXX_FEATURE:0cxx_variadic_macros
    Feature record: CXX_FEATURE:0cxx_variadic_templates
Determining if the function XOpenDisplay exists in the /usr/lib/x86_64-linux-gnu/libX11.so;/usr/lib/x86_64-linux-gnu/libXext.so passed with the following output:
Change Dir: /home/dowoncha/Documents/comp575_pa2/build/CMakeFiles/CMakeTmp

Run Build Command:"/usr/bin/make" "cmTryCompileExec3700226898/fast"
make[1]: Entering directory `/home/dowoncha/Documents/comp575_pa2/build/CMakeFiles/CMakeTmp'
/usr/bin/make -f CMakeFiles/cmTryCompileExec3700226898.dir/build.make CMakeFiles/cmTryCompileExec3700226898.dir/build
make[2]: Entering directory `/home/dowoncha/Documents/comp575_pa2/build/CMakeFiles/CMakeTmp'
/usr/bin/cmake -E cmake_progress_report /home/dowoncha/Documents/comp575_pa2/build/CMakeFiles/CMakeTmp/CMakeFiles 1
Building C object CMakeFiles/cmTryCompileExec3700226898.dir/CheckFunctionExists.c.o
/usr/bin/cc   -Wall -pedantic -DCHECK_FUNCTION_EXISTS=XOpenDisplay   -o CMakeFiles/cmTryCompileExec3700226898.dir/CheckFunctionExists.c.o   -c /usr/share/cmake-3.2/Modules/CheckFunctionExists.c
Linking C executable cmTryCompileExec3700226898
/usr/bin/cmake -E cmake_link_script CMakeFiles/cmTryCompileExec3700226898.dir/link.txt --verbose=1
/usr/bin/cc   -Wall -pedantic -DCHECK_FUNCTION_EXISTS=XOpenDisplay    CMakeFiles/cmTryCompileExec3700226898.dir/CheckFunctionExists.c.o  -o cmTryCompileExec3700226898 -rdynamic -lX11 -lXext -lm 
make[2]: Leaving directory `/home/dowoncha/Documents/comp575_pa2/build/CMakeFiles/CMakeTmp'
make[1]: Leaving directory `/home/dowoncha/Documents/comp575_pa2/build/CMakeFiles/CMakeTmp'


Determining if the function gethostbyname exists passed with the following output:
Change Dir: /home/dowoncha/Documents/comp575_pa2/build/CMakeFiles/CMakeTmp

Run Build Command:"/usr/bin/make" "cmTryCompileExec1551850104/fast"
make[1]: Entering directory `/home/dowoncha/Documents/comp575_pa2/build/CMakeFiles/CMakeTmp'
/usr/bin/make -f CMakeFiles/cmTryCompileExec1551850104.dir/build.make CMakeFiles/cmTryCompileExec1551850104.dir/build
make[2]: Entering directory `/home/dowoncha/Documents/comp575_pa2/build/CMakeFiles/CMakeTmp'
/usr/bin/cmake -E cmake_progress_report /home/dowoncha/Documents/comp575_pa2/build/CMakeFiles/CMakeTmp/CMakeFiles 1
Building C object CMakeFiles/cmTryCompileExec1551850104.dir/CheckFunctionExists.c.o
/usr/bin/cc   -Wall -pedantic -DCHECK_FUNCTION_EXISTS=gethostbyname   -o CMakeFiles/cmTryCompileExec1551850104.dir/CheckFunctionExists.c.o   -c /usr/share/cmake-3.2/Modules/CheckFunctionExists.c
Linking C executable cmTryCompileExec1551850104
/usr/bin/cmake -E cmake_link_script CMakeFiles/cmTryCompileExec1551850104.dir/link.txt --verbose=1
/usr/bin/cc   -Wall -pedantic -DCHECK_FUNCTION_EXISTS=gethostbyname    CMakeFiles/cmTryCompileExec1551850104.dir/CheckFunctionExists.c.o  -o cmTryCompileExec1551850104 -rdynamic -lm 
make[2]: Leaving directory `/home/dowoncha/Documents/comp575_pa2/build/CMakeFiles/CMakeTmp'
make[1]: Leaving directory `/home/dowoncha/Documents/comp575_pa2/build/CMakeFiles/CMakeTmp'


Determining if the function connect exists passed with the following output:
Change Dir: /home/dowoncha/Documents/comp575_pa2/build/CMakeFiles/CMakeTmp

Run Build Command:"/usr/bin/make" "cmTryCompileExec2381068522/fast"
make[1]: Entering directory `/home/dowoncha/Documents/comp575_pa2/build/CMakeFiles/CMakeTmp'
/usr/bin/make -f CMakeFiles/cmTryCompileExec2381068522.dir/build.make CMakeFiles/cmTryCompileExec2381068522.dir/build
make[2]: Entering directory `/home/dowoncha/Documents/comp575_pa2/build/CMakeFiles/CMakeTmp'
/usr/bin/cmake -E cmake_progress_report /home/dowoncha/Documents/comp575_pa2/build/CMakeFiles/CMakeTmp/CMakeFiles 1
Building C object CMakeFiles/cmTryCompileExec2381068522.dir/CheckFunctionExists.c.o
/usr/bin/cc   -Wall -pedantic -DCHECK_FUNCTION_EXISTS=connect   -o CMakeFiles/cmTryCompileExec2381068522.dir/CheckFunctionExists.c.o   -c /usr/share/cmake-3.2/Modules/CheckFunctionExists.c
Linking C executable cmTryCompileExec2381068522
/usr/bin/cmake -E cmake_link_script CMakeFiles/cmTryCompileExec2381068522.dir/link.txt --verbose=1
/usr/bin/cc   -Wall -pedantic -DCHECK_FUNCTION_EXISTS=connect    CMakeFiles/cmTryCompileExec2381068522.dir/CheckFunctionExists.c.o  -o cmTryCompileExec2381068522 -rdynamic -lm 
make[2]: Leaving directory `/home/dowoncha/Documents/comp575_pa2/build/CMakeFiles/CMakeTmp'
make[1]: Leaving directory `/home/dowoncha/Documents/comp575_pa2/build/CMakeFiles/CMakeTmp'


Determining if the function remove exists passed with the following output:
Change Dir: /home/dowoncha/Documents/comp575_pa2/build/CMakeFiles/CMakeTmp

Run Build Command:"/usr/bin/make" "cmTryCompileExec2709136344/fast"
make[1]: Entering directory `/home/dowoncha/Documents/comp575_pa2/build/CMakeFiles/CMakeTmp'
/usr/bin/make -f CMakeFiles/cmTryCompileExec2709136344.dir/build.make CMakeFiles/cmTryCompileExec2709136344.dir/build
make[2]: Entering directory `/home/dowoncha/Documents/comp575_pa2/build/CMakeFiles/CMakeTmp'
/usr/bin/cmake -E cmake_progress_report /home/dowoncha/Documents/comp575_pa2/build/CMakeFiles/CMakeTmp/CMakeFiles 1
Building C object CMakeFiles/cmTryCompileExec2709136344.dir/CheckFunctionExists.c.o
/usr/bin/cc   -Wall -pedantic -DCHECK_FUNCTION_EXISTS=remove   -o CMakeFiles/cmTryCompileExec2709136344.dir/CheckFunctionExists.c.o   -c /usr/share/cmake-3.2/Modules/CheckFunctionExists.c
Linking C executable cmTryCompileExec2709136344
/usr/bin/cmake -E cmake_link_script CMakeFiles/cmTryCompileExec2709136344.dir/link.txt --verbose=1
/usr/bin/cc   -Wall -pedantic -DCHECK_FUNCTION_EXISTS=remove    CMakeFiles/cmTryCompileExec2709136344.dir/CheckFunctionExists.c.o  -o cmTryCompileExec2709136344 -rdynamic -lm 
make[2]: Leaving directory `/home/dowoncha/Documents/comp575_pa2/build/CMakeFiles/CMakeTmp'
make[1]: Leaving directory `/home/dowoncha/Documents/comp575_pa2/build/CMakeFiles/CMakeTmp'


Determining if the function shmat exists passed with the following output:
Change Dir: /home/dowoncha/Documents/comp575_pa2/build/CMakeFiles/CMakeTmp

Run Build Command:"/usr/bin/make" "cmTryCompileExec793995834/fast"
make[1]: Entering directory `/home/dowoncha/Documents/comp575_pa2/build/CMakeFiles/CMakeTmp'
/usr/bin/make -f CMakeFiles/cmTryCompileExec793995834.dir/build.make CMakeFiles/cmTryCompileExec793995834.dir/build
make[2]: Entering directory `/home/dowoncha/Documents/comp575_pa2/build/CMakeFiles/CMakeTmp'
/usr/bin/cmake -E cmake_progress_report /home/dowoncha/Documents/comp575_pa2/build/CMakeFiles/CMakeTmp/CMakeFiles 1
Building C object CMakeFiles/cmTryCompileExec793995834.dir/CheckFunctionExists.c.o
/usr/bin/cc   -Wall -pedantic -DCHECK_FUNCTION_EXISTS=shmat   -o CMakeFiles/cmTryCompileExec793995834.dir/CheckFunctionExists.c.o   -c /usr/share/cmake-3.2/Modules/CheckFunctionExists.c
Linking C executable cmTryCompileExec793995834
/usr/bin/cmake -E cmake_link_script CMakeFiles/cmTryCompileExec793995834.dir/link.txt --verbose=1
/usr/bin/cc   -Wall -pedantic -DCHECK_FUNCTION_EXISTS=shmat    CMakeFiles/cmTryCompileExec793995834.dir/CheckFunctionExists.c.o  -o cmTryCompileExec793995834 -rdynamic -lm 
make[2]: Leaving directory `/home/dowoncha/Documents/comp575_pa2/build/CMakeFiles/CMakeTmp'
make[1]: Leaving directory `/home/dowoncha/Documents/comp575_pa2/build/CMakeFiles/CMakeTmp'


Determining if the function IceConnectionNumber exists in the ICE passed with the following output:
Change Dir: /home/dowoncha/Documents/comp575_pa2/build/CMakeFiles/CMakeTmp

Run Build Command:"/usr/bin/make" "cmTryCompileExec2066126059/fast"
make[1]: Entering directory `/home/dowoncha/Documents/comp575_pa2/build/CMakeFiles/CMakeTmp'
/usr/bin/make -f CMakeFiles/cmTryCompileExec2066126059.dir/build.make CMakeFiles/cmTryCompileExec2066126059.dir/build
make[2]: Entering directory `/home/dowoncha/Documents/comp575_pa2/build/CMakeFiles/CMakeTmp'
/usr/bin/cmake -E cmake_progress_report /home/dowoncha/Documents/comp575_pa2/build/CMakeFiles/CMakeTmp/CMakeFiles 1
Building C object CMakeFiles/cmTryCompileExec2066126059.dir/CheckFunctionExists.c.o
/usr/bin/cc   -Wall -pedantic -DCHECK_FUNCTION_EXISTS=IceConnectionNumber   -o CMakeFiles/cmTryCompileExec2066126059.dir/CheckFunctionExists.c.o   -c /usr/share/cmake-3.2/Modules/CheckFunctionExists.c
Linking C executable cmTryCompileExec2066126059
/usr/bin/cmake -E cmake_link_script CMakeFiles/cmTryCompileExec2066126059.dir/link.txt --verbose=1
/usr/bin/cc   -Wall -pedantic -DCHECK_FUNCTION_EXISTS=IceConnectionNumber    CMakeFiles/cmTryCompileExec2066126059.dir/CheckFunctionExists.c.o  -o cmTryCompileExec2066126059 -rdynamic -lICE -lm 
make[2]: Leaving directory `/home/dowoncha/Documents/comp575_pa2/build/CMakeFiles/CMakeTmp'
make[1]: Leaving directory `/home/dowoncha/Documents/comp575_pa2/build/CMakeFiles/CMakeTmp'


Determining if files /usr/include/X11/extensions/XInput2.h exist passed with the following output:
Change Dir: /home/dowoncha/Documents/comp575_pa2/build/CMakeFiles/CMakeTmp

Run Build Command:"/usr/bin/make" "cmTryCompileExec3254356159/fast"
make[1]: Entering directory `/home/dowoncha/Documents/comp575_pa2/build/CMakeFiles/CMakeTmp'
/usr/bin/make -f CMakeFiles/cmTryCompileExec3254356159.dir/build.make CMakeFiles/cmTryCompileExec3254356159.dir/build
make[2]: Entering directory `/home/dowoncha/Documents/comp575_pa2/build/CMakeFiles/CMakeTmp'
/usr/bin/cmake -E cmake_progress_report /home/dowoncha/Documents/comp575_pa2/build/CMakeFiles/CMakeTmp/CMakeFiles 1
Building C object CMakeFiles/cmTryCompileExec3254356159.dir/CheckIncludeFiles.c.o
/usr/bin/cc   -Wall -pedantic    -o CMakeFiles/cmTryCompileExec3254356159.dir/CheckIncludeFiles.c.o   -c /home/dowoncha/Documents/comp575_pa2/build/CMakeFiles/CMakeTmp/CheckIncludeFiles.c
Linking C executable cmTryCompileExec3254356159
/usr/bin/cmake -E cmake_link_script CMakeFiles/cmTryCompileExec3254356159.dir/link.txt --verbose=1
/usr/bin/cc   -Wall -pedantic     CMakeFiles/cmTryCompileExec3254356159.dir/CheckIncludeFiles.c.o  -o cmTryCompileExec3254356159 -rdynamic 
make[2]: Leaving directory `/home/dowoncha/Documents/comp575_pa2/build/CMakeFiles/CMakeTmp'
make[1]: Leaving directory `/home/dowoncha/Documents/comp575_pa2/build/CMakeFiles/CMakeTmp'


Determining if files sys/types.h exist passed with the following output:
Change Dir: /home/dowoncha/Documents/comp575_pa2/build/CMakeFiles/CMakeTmp

Run Build Command:"/usr/bin/make" "cmTryCompileExec3819955211/fast"
make[1]: Entering directory `/home/dowoncha/Documents/comp575_pa2/build/CMakeFiles/CMakeTmp'
/usr/bin/make -f CMakeFiles/cmTryCompileExec3819955211.dir/build.make CMakeFiles/cmTryCompileExec3819955211.dir/build
make[2]: Entering directory `/home/dowoncha/Documents/comp575_pa2/build/CMakeFiles/CMakeTmp'
/usr/bin/cmake -E cmake_progress_report /home/dowoncha/Documents/comp575_pa2/build/CMakeFiles/CMakeTmp/CMakeFiles 1
Building C object CMakeFiles/cmTryCompileExec3819955211.dir/CheckIncludeFiles.c.o
/usr/bin/cc   -Wall -pedantic    -o CMakeFiles/cmTryCompileExec3819955211.dir/CheckIncludeFiles.c.o   -c /home/dowoncha/Documents/comp575_pa2/build/CMakeFiles/CMakeTmp/CheckIncludeFiles.c
Linking C executable cmTryCompileExec3819955211
/usr/bin/cmake -E cmake_link_script CMakeFiles/cmTryCompileExec3819955211.dir/link.txt --verbose=1
/usr/bin/cc   -Wall -pedantic     CMakeFiles/cmTryCompileExec3819955211.dir/CheckIncludeFiles.c.o  -o cmTryCompileExec3819955211 -rdynamic 
make[2]: Leaving directory `/home/dowoncha/Documents/comp575_pa2/build/CMakeFiles/CMakeTmp'
make[1]: Leaving directory `/home/dowoncha/Documents/comp575_pa2/build/CMakeFiles/CMakeTmp'


Determining if files unistd.h exist passed with the following output:
Change Dir: /home/dowoncha/Documents/comp575_pa2/build/CMakeFiles/CMakeTmp

Run Build Command:"/usr/bin/make" "cmTryCompileExec2606249358/fast"
make[1]: Entering directory `/home/dowoncha/Documents/comp575_pa2/build/CMakeFiles/CMakeTmp'
/usr/bin/make -f CMakeFiles/cmTryCompileExec2606249358.dir/build.make CMakeFiles/cmTryCompileExec2606249358.dir/build
make[2]: Entering directory `/home/dowoncha/Documents/comp575_pa2/build/CMakeFiles/CMakeTmp'
/usr/bin/cmake -E cmake_progress_report /home/dowoncha/Documents/comp575_pa2/build/CMakeFiles/CMakeTmp/CMakeFiles 1
Building C object CMakeFiles/cmTryCompileExec2606249358.dir/CheckIncludeFiles.c.o
/usr/bin/cc   -Wall -pedantic    -o CMakeFiles/cmTryCompileExec2606249358.dir/CheckIncludeFiles.c.o   -c /home/dowoncha/Documents/comp575_pa2/build/CMakeFiles/CMakeTmp/CheckIncludeFiles.c
Linking C executable cmTryCompileExec2606249358
/usr/bin/cmake -E cmake_link_script CMakeFiles/cmTryCompileExec2606249358.dir/link.txt --verbose=1
/usr/bin/cc   -Wall -pedantic     CMakeFiles/cmTryCompileExec2606249358.dir/CheckIncludeFiles.c.o  -o cmTryCompileExec2606249358 -rdynamic 
make[2]: Leaving directory `/home/dowoncha/Documents/comp575_pa2/build/CMakeFiles/CMakeTmp'
make[1]: Leaving directory `/home/dowoncha/Documents/comp575_pa2/build/CMakeFiles/CMakeTmp'


Determining if files sys/time.h exist passed with the following output:
Change Dir: /home/dowoncha/Documents/comp575_pa2/build/CMakeFiles/CMakeTmp

Run Build Command:"/usr/bin/make" "cmTryCompileExec2597360251/fast"
make[1]: Entering directory `/home/dowoncha/Documents/comp575_pa2/build/CMakeFiles/CMakeTmp'
/usr/bin/make -f CMakeFiles/cmTryCompileExec2597360251.dir/build.make CMakeFiles/cmTryCompileExec2597360251.dir/build
make[2]: Entering directory `/home/dowoncha/Documents/comp575_pa2/build/CMakeFiles/CMakeTmp'
/usr/bin/cmake -E cmake_progress_report /home/dowoncha/Documents/comp575_pa2/build/CMakeFiles/CMakeTmp/CMakeFiles 1
Building C object CMakeFiles/cmTryCompileExec2597360251.dir/CheckIncludeFiles.c.o
/usr/bin/cc   -Wall -pedantic    -o CMakeFiles/cmTryCompileExec2597360251.dir/CheckIncludeFiles.c.o   -c /home/dowoncha/Documents/comp575_pa2/build/CMakeFiles/CMakeTmp/CheckIncludeFiles.c
Linking C executable cmTryCompileExec2597360251
/usr/bin/cmake -E cmake_link_script CMakeFiles/cmTryCompileExec2597360251.dir/link.txt --verbose=1
/usr/bin/cc   -Wall -pedantic     CMakeFiles/cmTryCompileExec2597360251.dir/CheckIncludeFiles.c.o  -o cmTryCompileExec2597360251 -rdynamic 
make[2]: Leaving directory `/home/dowoncha/Documents/comp575_pa2/build/CMakeFiles/CMakeTmp'
make[1]: Leaving directory `/home/dowoncha/Documents/comp575_pa2/build/CMakeFiles/CMakeTmp'


Determining if files stdbool.h exist passed with the following output:
Change Dir: /home/dowoncha/Documents/comp575_pa2/build/CMakeFiles/CMakeTmp

Run Build Command:"/usr/bin/make" "cmTryCompileExec3183909032/fast"
make[1]: Entering directory `/home/dowoncha/Documents/comp575_pa2/build/CMakeFiles/CMakeTmp'
/usr/bin/make -f CMakeFiles/cmTryCompileExec3183909032.dir/build.make CMakeFiles/cmTryCompileExec3183909032.dir/build
make[2]: Entering directory `/home/dowoncha/Documents/comp575_pa2/build/CMakeFiles/CMakeTmp'
/usr/bin/cmake -E cmake_progress_report /home/dowoncha/Documents/comp575_pa2/build/CMakeFiles/CMakeTmp/CMakeFiles 1
Building C object CMakeFiles/cmTryCompileExec3183909032.dir/CheckIncludeFiles.c.o
/usr/bin/cc   -Wall -pedantic    -o CMakeFiles/cmTryCompileExec3183909032.dir/CheckIncludeFiles.c.o   -c /home/dowoncha/Documents/comp575_pa2/build/CMakeFiles/CMakeTmp/CheckIncludeFiles.c
Linking C executable cmTryCompileExec3183909032
/usr/bin/cmake -E cmake_link_script CMakeFiles/cmTryCompileExec3183909032.dir/link.txt --verbose=1
/usr/bin/cc   -Wall -pedantic     CMakeFiles/cmTryCompileExec3183909032.dir/CheckIncludeFiles.c.o  -o cmTryCompileExec3183909032 -rdynamic 
make[2]: Leaving directory `/home/dowoncha/Documents/comp575_pa2/build/CMakeFiles/CMakeTmp'
make[1]: Leaving directory `/home/dowoncha/Documents/comp575_pa2/build/CMakeFiles/CMakeTmp'


Determining if files sys/param.h exist passed with the following output:
Change Dir: /home/dowoncha/Documents/comp575_pa2/build/CMakeFiles/CMakeTmp

Run Build Command:"/usr/bin/make" "cmTryCompileExec3187569317/fast"
make[1]: Entering directory `/home/dowoncha/Documents/comp575_pa2/build/CMakeFiles/CMakeTmp'
/usr/bin/make -f CMakeFiles/cmTryCompileExec3187569317.dir/build.make CMakeFiles/cmTryCompileExec3187569317.dir/build
make[2]: Entering directory `/home/dowoncha/Documents/comp575_pa2/build/CMakeFiles/CMakeTmp'
/usr/bin/cmake -E cmake_progress_report /home/dowoncha/Documents/comp575_pa2/build/CMakeFiles/CMakeTmp/CMakeFiles 1
Building C object CMakeFiles/cmTryCompileExec3187569317.dir/CheckIncludeFiles.c.o
/usr/bin/cc   -Wall -pedantic    -o CMakeFiles/cmTryCompileExec3187569317.dir/CheckIncludeFiles.c.o   -c /home/dowoncha/Documents/comp575_pa2/build/CMakeFiles/CMakeTmp/CheckIncludeFiles.c
Linking C executable cmTryCompileExec3187569317
/usr/bin/cmake -E cmake_link_script CMakeFiles/cmTryCompileExec3187569317.dir/link.txt --verbose=1
/usr/bin/cc   -Wall -pedantic     CMakeFiles/cmTryCompileExec3187569317.dir/CheckIncludeFiles.c.o  -o cmTryCompileExec3187569317 -rdynamic 
make[2]: Leaving directory `/home/dowoncha/Documents/comp575_pa2/build/CMakeFiles/CMakeTmp'
make[1]: Leaving directory `/home/dowoncha/Documents/comp575_pa2/build/CMakeFiles/CMakeTmp'


Determining if files sys/ioctl.h exist passed with the following output:
Change Dir: /home/dowoncha/Documents/comp575_pa2/build/CMakeFiles/CMakeTmp

Run Build Command:"/usr/bin/make" "cmTryCompileExec1647929259/fast"
make[1]: Entering directory `/home/dowoncha/Documents/comp575_pa2/build/CMakeFiles/CMakeTmp'
/usr/bin/make -f CMakeFiles/cmTryCompileExec1647929259.dir/build.make CMakeFiles/cmTryCompileExec1647929259.dir/build
make[2]: Entering directory `/home/dowoncha/Documents/comp575_pa2/build/CMakeFiles/CMakeTmp'
/usr/bin/cmake -E cmake_progress_report /home/dowoncha/Documents/comp575_pa2/build/CMakeFiles/CMakeTmp/CMakeFiles 1
Building C object CMakeFiles/cmTryCompileExec1647929259.dir/CheckIncludeFiles.c.o
/usr/bin/cc   -Wall -pedantic    -o CMakeFiles/cmTryCompileExec1647929259.dir/CheckIncludeFiles.c.o   -c /home/dowoncha/Documents/comp575_pa2/build/CMakeFiles/CMakeTmp/CheckIncludeFiles.c
Linking C executable cmTryCompileExec1647929259
/usr/bin/cmake -E cmake_link_script CMakeFiles/cmTryCompileExec1647929259.dir/link.txt --verbose=1
/usr/bin/cc   -Wall -pedantic     CMakeFiles/cmTryCompileExec1647929259.dir/CheckIncludeFiles.c.o  -o cmTryCompileExec1647929259 -rdynamic 
make[2]: Leaving directory `/home/dowoncha/Documents/comp575_pa2/build/CMakeFiles/CMakeTmp'
make[1]: Leaving directory `/home/dowoncha/Documents/comp575_pa2/build/CMakeFiles/CMakeTmp'


Determining if files fcntl.h exist passed with the following output:
Change Dir: /home/dowoncha/Documents/comp575_pa2/build/CMakeFiles/CMakeTmp

Run Build Command:"/usr/bin/make" "cmTryCompileExec2809992785/fast"
make[1]: Entering directory `/home/dowoncha/Documents/comp575_pa2/build/CMakeFiles/CMakeTmp'
/usr/bin/make -f CMakeFiles/cmTryCompileExec2809992785.dir/build.make CMakeFiles/cmTryCompileExec2809992785.dir/build
make[2]: Entering directory `/home/dowoncha/Documents/comp575_pa2/build/CMakeFiles/CMakeTmp'
/usr/bin/cmake -E cmake_progress_report /home/dowoncha/Documents/comp575_pa2/build/CMakeFiles/CMakeTmp/CMakeFiles 1
Building C object CMakeFiles/cmTryCompileExec2809992785.dir/CheckIncludeFiles.c.o
/usr/bin/cc   -Wall -pedantic    -o CMakeFiles/cmTryCompileExec2809992785.dir/CheckIncludeFiles.c.o   -c /home/dowoncha/Documents/comp575_pa2/build/CMakeFiles/CMakeTmp/CheckIncludeFiles.c
Linking C executable cmTryCompileExec2809992785
/usr/bin/cmake -E cmake_link_script CMakeFiles/cmTryCompileExec2809992785.dir/link.txt --verbose=1
/usr/bin/cc   -Wall -pedantic     CMakeFiles/cmTryCompileExec2809992785.dir/CheckIncludeFiles.c.o  -o cmTryCompileExec2809992785 -rdynamic 
make[2]: Leaving directory `/home/dowoncha/Documents/comp575_pa2/build/CMakeFiles/CMakeTmp'
make[1]: Leaving directory `/home/dowoncha/Documents/comp575_pa2/build/CMakeFiles/CMakeTmp'


Determining if the function gettimeofday exists passed with the following output:
Change Dir: /home/dowoncha/Documents/comp575_pa2/build/CMakeFiles/CMakeTmp

Run Build Command:"/usr/bin/make" "cmTryCompileExec2273145672/fast"
make[1]: Entering directory `/home/dowoncha/Documents/comp575_pa2/build/CMakeFiles/CMakeTmp'
/usr/bin/make -f CMakeFiles/cmTryCompileExec2273145672.dir/build.make CMakeFiles/cmTryCompileExec2273145672.dir/build
make[2]: Entering directory `/home/dowoncha/Documents/comp575_pa2/build/CMakeFiles/CMakeTmp'
/usr/bin/cmake -E cmake_progress_report /home/dowoncha/Documents/comp575_pa2/build/CMakeFiles/CMakeTmp/CMakeFiles 1
Building C object CMakeFiles/cmTryCompileExec2273145672.dir/CheckFunctionExists.c.o
/usr/bin/cc   -Wall -pedantic -DCHECK_FUNCTION_EXISTS=gettimeofday   -o CMakeFiles/cmTryCompileExec2273145672.dir/CheckFunctionExists.c.o   -c /usr/share/cmake-3.2/Modules/CheckFunctionExists.c
Linking C executable cmTryCompileExec2273145672
/usr/bin/cmake -E cmake_link_script CMakeFiles/cmTryCompileExec2273145672.dir/link.txt --verbose=1
/usr/bin/cc   -Wall -pedantic -DCHECK_FUNCTION_EXISTS=gettimeofday    CMakeFiles/cmTryCompileExec2273145672.dir/CheckFunctionExists.c.o  -o cmTryCompileExec2273145672 -rdynamic -lm 
make[2]: Leaving directory `/home/dowoncha/Documents/comp575_pa2/build/CMakeFiles/CMakeTmp'
make[1]: Leaving directory `/home/dowoncha/Documents/comp575_pa2/build/CMakeFiles/CMakeTmp'


Determining if files stdint.h exist passed with the following output:
Change Dir: /home/dowoncha/Documents/comp575_pa2/build/CMakeFiles/CMakeTmp

Run Build Command:"/usr/bin/make" "cmTryCompileExec1187708932/fast"
make[1]: Entering directory `/home/dowoncha/Documents/comp575_pa2/build/CMakeFiles/CMakeTmp'
/usr/bin/make -f CMakeFiles/cmTryCompileExec1187708932.dir/build.make CMakeFiles/cmTryCompileExec1187708932.dir/build
make[2]: Entering directory `/home/dowoncha/Documents/comp575_pa2/build/CMakeFiles/CMakeTmp'
/usr/bin/cmake -E cmake_progress_report /home/dowoncha/Documents/comp575_pa2/build/CMakeFiles/CMakeTmp/CMakeFiles 1
Building C object CMakeFiles/cmTryCompileExec1187708932.dir/CheckIncludeFiles.c.o
/usr/bin/cc   -Wall -pedantic    -o CMakeFiles/cmTryCompileExec1187708932.dir/CheckIncludeFiles.c.o   -c /home/dowoncha/Documents/comp575_pa2/build/CMakeFiles/CMakeTmp/CheckIncludeFiles.c
Linking C executable cmTryCompileExec1187708932
/usr/bin/cmake -E cmake_link_script CMakeFiles/cmTryCompileExec1187708932.dir/link.txt --verbose=1
/usr/bin/cc   -Wall -pedantic     CMakeFiles/cmTryCompileExec1187708932.dir/CheckIncludeFiles.c.o  -o cmTryCompileExec1187708932 -rdynamic 
make[2]: Leaving directory `/home/dowoncha/Documents/comp575_pa2/build/CMakeFiles/CMakeTmp'
make[1]: Leaving directory `/home/dowoncha/Documents/comp575_pa2/build/CMakeFiles/CMakeTmp'


Determining if files inttypes.h exist passed with the following output:
Change Dir: /home/dowoncha/Documents/comp575_pa2/build/CMakeFiles/CMakeTmp

Run Build Command:"/usr/bin/make" "cmTryCompileExec914969962/fast"
make[1]: Entering directory `/home/dowoncha/Documents/comp575_pa2/build/CMakeFiles/CMakeTmp'
/usr/bin/make -f CMakeFiles/cmTryCompileExec914969962.dir/build.make CMakeFiles/cmTryCompileExec914969962.dir/build
make[2]: Entering directory `/home/dowoncha/Documents/comp575_pa2/build/CMakeFiles/CMakeTmp'
/usr/bin/cmake -E cmake_progress_report /home/dowoncha/Documents/comp575_pa2/build/CMakeFiles/CMakeTmp/CMakeFiles 1
Building C object CMakeFiles/cmTryCompileExec914969962.dir/CheckIncludeFiles.c.o
/usr/bin/cc   -Wall -pedantic    -o CMakeFiles/cmTryCompileExec914969962.dir/CheckIncludeFiles.c.o   -c /home/dowoncha/Documents/comp575_pa2/build/CMakeFiles/CMakeTmp/CheckIncludeFiles.c
Linking C executable cmTryCompileExec914969962
/usr/bin/cmake -E cmake_link_script CMakeFiles/cmTryCompileExec914969962.dir/link.txt --verbose=1
/usr/bin/cc   -Wall -pedantic     CMakeFiles/cmTryCompileExec914969962.dir/CheckIncludeFiles.c.o  -o cmTryCompileExec914969962 -rdynamic 
make[2]: Leaving directory `/home/dowoncha/Documents/comp575_pa2/build/CMakeFiles/CMakeTmp'
make[1]: Leaving directory `/home/dowoncha/Documents/comp575_pa2/build/CMakeFiles/CMakeTmp'


Determining if files pthread.h exist passed with the following output:
Change Dir: /home/dowoncha/Documents/comp575_pa2/build/CMakeFiles/CMakeTmp

Run Build Command:"/usr/bin/make" "cmTryCompileExec905822045/fast"
make[1]: Entering directory `/home/dowoncha/Documents/comp575_pa2/build/CMakeFiles/CMakeTmp'
/usr/bin/make -f CMakeFiles/cmTryCompileExec905822045.dir/build.make CMakeFiles/cmTryCompileExec905822045.dir/build
make[2]: Entering directory `/home/dowoncha/Documents/comp575_pa2/build/CMakeFiles/CMakeTmp'
/usr/bin/cmake -E cmake_progress_report /home/dowoncha/Documents/comp575_pa2/build/CMakeFiles/CMakeTmp/CMakeFiles 1
Building C object CMakeFiles/cmTryCompileExec905822045.dir/CheckIncludeFiles.c.o
/usr/bin/cc    -o CMakeFiles/cmTryCompileExec905822045.dir/CheckIncludeFiles.c.o   -c /home/dowoncha/Documents/comp575_pa2/build/CMakeFiles/CMakeTmp/CheckIncludeFiles.c
Linking C executable cmTryCompileExec905822045
/usr/bin/cmake -E cmake_link_script CMakeFiles/cmTryCompileExec905822045.dir/link.txt --verbose=1
/usr/bin/cc       CMakeFiles/cmTryCompileExec905822045.dir/CheckIncludeFiles.c.o  -o cmTryCompileExec905822045 -rdynamic 
make[2]: Leaving directory `/home/dowoncha/Documents/comp575_pa2/build/CMakeFiles/CMakeTmp'
make[1]: Leaving directory `/home/dowoncha/Documents/comp575_pa2/build/CMakeFiles/CMakeTmp'


Determining if the function pthread_create exists in the pthread passed with the following output:
Change Dir: /home/dowoncha/Documents/comp575_pa2/build/CMakeFiles/CMakeTmp

Run Build Command:"/usr/bin/make" "cmTryCompileExec3095635264/fast"
make[1]: Entering directory `/home/dowoncha/Documents/comp575_pa2/build/CMakeFiles/CMakeTmp'
/usr/bin/make -f CMakeFiles/cmTryCompileExec3095635264.dir/build.make CMakeFiles/cmTryCompileExec3095635264.dir/build
make[2]: Entering directory `/home/dowoncha/Documents/comp575_pa2/build/CMakeFiles/CMakeTmp'
/usr/bin/cmake -E cmake_progress_report /home/dowoncha/Documents/comp575_pa2/build/CMakeFiles/CMakeTmp/CMakeFiles 1
Building C object CMakeFiles/cmTryCompileExec3095635264.dir/CheckFunctionExists.c.o
/usr/bin/cc   -DCHECK_FUNCTION_EXISTS=pthread_create   -o CMakeFiles/cmTryCompileExec3095635264.dir/CheckFunctionExists.c.o   -c /usr/share/cmake-3.2/Modules/CheckFunctionExists.c
Linking C executable cmTryCompileExec3095635264
/usr/bin/cmake -E cmake_link_script CMakeFiles/cmTryCompileExec3095635264.dir/link.txt --verbose=1
/usr/bin/cc   -DCHECK_FUNCTION_EXISTS=pthread_create    CMakeFiles/cmTryCompileExec3095635264.dir/CheckFunctionExists.c.o  -o cmTryCompileExec3095635264 -rdynamic -lpthread 
make[2]: Leaving directory `/home/dowoncha/Documents/comp575_pa2/build/CMakeFiles/CMakeTmp'
make[1]: Leaving directory `/home/dowoncha/Documents/comp575_pa2/build/CMakeFiles/CMakeTmp'


