Determining if files usbhid.h exist failed with the following output:
Change Dir: /home/dowoncha/Github/COMP575/PA3/lib/freeglut/CMakeFiles/CMakeTmp

Run Build Command:"/usr/bin/make" "cmTryCompileExec2214038410/fast"
/usr/bin/make -f CMakeFiles/cmTryCompileExec2214038410.dir/build.make CMakeFiles/cmTryCompileExec2214038410.dir/build
make[1]: Entering directory '/home/dowoncha/Github/COMP575/PA3/lib/freeglut/CMakeFiles/CMakeTmp'
/usr/bin/cmake -E cmake_progress_report /home/dowoncha/Github/COMP575/PA3/lib/freeglut/CMakeFiles/CMakeTmp/CMakeFiles 1
Building C object CMakeFiles/cmTryCompileExec2214038410.dir/CheckIncludeFiles.c.o
/usr/bin/cc   -Wall -pedantic    -o CMakeFiles/cmTryCompileExec2214038410.dir/CheckIncludeFiles.c.o   -c /home/dowoncha/Github/COMP575/PA3/lib/freeglut/CMakeFiles/CMakeTmp/CheckIncludeFiles.c
/home/dowoncha/Github/COMP575/PA3/lib/freeglut/CMakeFiles/CMakeTmp/CheckIncludeFiles.c:2:20: fatal error: usbhid.h: No such file or directory
compilation terminated.
CMakeFiles/cmTryCompileExec2214038410.dir/build.make:57: recipe for target 'CMakeFiles/cmTryCompileExec2214038410.dir/CheckIncludeFiles.c.o' failed
make[1]: *** [CMakeFiles/cmTryCompileExec2214038410.dir/CheckIncludeFiles.c.o] Error 1
make[1]: Leaving directory '/home/dowoncha/Github/COMP575/PA3/lib/freeglut/CMakeFiles/CMakeTmp'
Makefile:117: recipe for target 'cmTryCompileExec2214038410/fast' failed
make: *** [cmTryCompileExec2214038410/fast] Error 2

Source:
/* */
#include <usbhid.h>


int main(void){return 0;}

Determining if the function XParseGeometry exists failed with the following output:
Change Dir: /home/dowoncha/Github/COMP575/PA3/lib/freeglut/CMakeFiles/CMakeTmp

Run Build Command:"/usr/bin/make" "cmTryCompileExec905370130/fast"
/usr/bin/make -f CMakeFiles/cmTryCompileExec905370130.dir/build.make CMakeFiles/cmTryCompileExec905370130.dir/build
make[1]: Entering directory '/home/dowoncha/Github/COMP575/PA3/lib/freeglut/CMakeFiles/CMakeTmp'
/usr/bin/cmake -E cmake_progress_report /home/dowoncha/Github/COMP575/PA3/lib/freeglut/CMakeFiles/CMakeTmp/CMakeFiles 1
Building C object CMakeFiles/cmTryCompileExec905370130.dir/CheckFunctionExists.c.o
/usr/bin/cc   -Wall -pedantic -DCHECK_FUNCTION_EXISTS=XParseGeometry   -o CMakeFiles/cmTryCompileExec905370130.dir/CheckFunctionExists.c.o   -c /usr/share/cmake-3.2/Modules/CheckFunctionExists.c
Linking C executable cmTryCompileExec905370130
/usr/bin/cmake -E cmake_link_script CMakeFiles/cmTryCompileExec905370130.dir/link.txt --verbose=1
/usr/bin/cc   -Wall -pedantic -DCHECK_FUNCTION_EXISTS=XParseGeometry    CMakeFiles/cmTryCompileExec905370130.dir/CheckFunctionExists.c.o  -o cmTryCompileExec905370130 -rdynamic -lm 
CMakeFiles/cmTryCompileExec905370130.dir/CheckFunctionExists.c.o: In function `main':
CheckFunctionExists.c:(.text+0x15): undefined reference to `XParseGeometry'
collect2: error: ld returned 1 exit status
CMakeFiles/cmTryCompileExec905370130.dir/build.make:88: recipe for target 'cmTryCompileExec905370130' failed
make[1]: Leaving directory '/home/dowoncha/Github/COMP575/PA3/lib/freeglut/CMakeFiles/CMakeTmp'
make[1]: *** [cmTryCompileExec905370130] Error 1
Makefile:117: recipe for target 'cmTryCompileExec905370130/fast' failed
make: *** [cmTryCompileExec905370130/fast] Error 2


